#
# There is insufficient memory for the Java Runtime Environment to continue.
# Native memory allocation (malloc) failed to allocate 1507088 bytes for Chunk::new
# Possible reasons:
#   The system is out of physical RAM or swap space
#   The process is running with CompressedOops enabled, and the Java Heap may be blocking the growth of the native heap
# Possible solutions:
#   Reduce memory load on the system
#   Increase physical memory or swap space
#   Check if swap backing store is full
#   Decrease Java heap size (-Xmx/-Xms)
#   Decrease number of Java threads
#   Decrease Java thread stack sizes (-Xss)
#   Set larger code cache with -XX:ReservedCodeCacheSize=
#   JVM is running with Zero Based Compressed Oops mode in which the Java heap is
#     placed in the first 32GB address space. The Java Heap base address is the
#     maximum limit for the native heap growth. Please use -XX:HeapBaseMinAddress
#     to set the Java Heap base and to place the Java Heap above 32GB virtual address.
# This output file may be truncated or incomplete.
#
#  Out of Memory Error (allocation.cpp:389), pid=5216, tid=0x00000000000021d0
#
# JRE version: OpenJDK Runtime Environment (Zulu 8.48.0.53-CA-win64) (8.0_265-b11) (build 1.8.0_265-b11)
# Java VM: OpenJDK 64-Bit Server VM (25.265-b11 mixed mode windows-amd64 compressed oops)
# Failed to write core dump. Minidumps are not enabled by default on client versions of Windows
#

---------------  T H R E A D  ---------------

Current thread (0x00000000205cc000):  JavaThread "C2 CompilerThread1" daemon [_thread_in_native, id=8656, stack(0x00000000210d0000,0x00000000211d0000)]

Stack: [0x00000000210d0000,0x00000000211d0000]
[error occurred during error reporting (printing stack bounds), id 0xc0000005]

Native frames: (J=compiled Java code, j=interpreted, Vv=VM code, C=native code)


Current CompileTask:
C2:  15795 4447       4       org.springframework.core.ResolvableType::forType (115 bytes)


---------------  P R O C E S S  ---------------

Java Threads: ( => current thread )
  0x000000002637b000 JavaThread "logback-1" daemon [_thread_blocked, id=16732, stack(0x0000000027ca0000,0x0000000027da0000)]
  0x00000000205ea000 JavaThread "Service Thread" daemon [_thread_blocked, id=3404, stack(0x0000000021bd0000,0x0000000021cd0000)]
  0x00000000205cd800 JavaThread "C1 CompilerThread3" daemon [_thread_blocked, id=7620, stack(0x00000000212d0000,0x00000000213d0000)]
  0x00000000205cc800 JavaThread "C2 CompilerThread2" daemon [_thread_in_native, id=13928, stack(0x00000000211d0000,0x00000000212d0000)]
=>0x00000000205cc000 JavaThread "C2 CompilerThread1" daemon [_thread_in_native, id=8656, stack(0x00000000210d0000,0x00000000211d0000)]
  0x00000000205cb000 JavaThread "C2 CompilerThread0" daemon [_thread_in_native, id=15428, stack(0x0000000020fd0000,0x00000000210d0000)]
  0x00000000202f7000 JavaThread "JDWP Command Reader" daemon [_thread_in_native, id=9596, stack(0x0000000020ed0000,0x0000000020fd0000)]
  0x00000000202f5800 JavaThread "JDWP Event Helper Thread" daemon [_thread_blocked, id=7664, stack(0x0000000020dd0000,0x0000000020ed0000)]
  0x00000000202e3000 JavaThread "JDWP Transport Listener: dt_socket" daemon [_thread_blocked, id=18016, stack(0x0000000020cd0000,0x0000000020dd0000)]
  0x0000000020286800 JavaThread "Attach Listener" daemon [_thread_blocked, id=6292, stack(0x0000000020a40000,0x0000000020b40000)]
  0x0000000020284800 JavaThread "Signal Dispatcher" daemon [_thread_blocked, id=14236, stack(0x0000000020940000,0x0000000020a40000)]
  0x0000000020260800 JavaThread "Finalizer" daemon [_thread_blocked, id=1404, stack(0x0000000020740000,0x0000000020840000)]
  0x000000001e45e800 JavaThread "Reference Handler" daemon [_thread_blocked, id=3700, stack(0x0000000020640000,0x0000000020740000)]
  0x0000000004746000 JavaThread "main" [_thread_in_native, id=8636, stack(0x0000000004640000,0x0000000004740000)]

Other Threads:
  0x000000001e455800 VMThread [stack: 0x0000000020140000,0x0000000020240000] [id=17896]
  0x00000000205ea800 WatcherThread [stack: 0x0000000021cd0000,0x0000000021dd0000] [id=3116]

VM state:not at safepoint (normal execution)

VM Mutex/Monitor currently owned by a thread: None

heap address: 0x00000006c1400000, size: 4076 MB, Compressed Oops mode: Zero based, Oop shift amount: 3
Narrow klass base: 0x0000000000000000, Narrow klass shift: 3
Compressed class space size: 1073741824 Address: 0x00000007c0000000

Heap:
 PSYoungGen      total 212992K, used 34302K [0x000000076b180000, 0x0000000779d00000, 0x00000007c0000000)
  eden space 204800K, 12% used [0x000000076b180000,0x000000076cb514f8,0x0000000777980000)
  from space 8192K, 96% used [0x0000000779500000,0x0000000779cae3d8,0x0000000779d00000)
  to   space 10752K, 0% used [0x0000000778800000,0x0000000778800000,0x0000000779280000)
 ParOldGen       total 161280K, used 16854K [0x00000006c1400000, 0x00000006cb180000, 0x000000076b180000)
  object space 161280K, 10% used [0x00000006c1400000,0x00000006c2475bb0,0x00000006cb180000)
 Metaspace       used 40455K, capacity 41810K, committed 42072K, reserved 1085440K
  class space    used 5180K, capacity 5445K, committed 5464K, reserved 1048576K

Card table byte_map: [0x0000000013dc0000,0x00000000145c0000] byte_map_base: 0x00000000107b6000

Marking Bits: (ParMarkBitMap*) 0x000000005b28aa30
 Begin Bits: [0x0000000015310000, 0x00000000192c0000)
 End Bits:   [0x00000000192c0000, 0x000000001d270000)

Polling page: 0x00000000024f0000

CodeCache: size=245760Kb used=16534Kb max_used=16534Kb free=229225Kb
 bounds [0x0000000004a00000, 0x0000000005a40000, 0x0000000013a00000]
 total_blobs=4606 nmethods=4169 adapters=356
 compilation: enabled

Compilation events (10 events):
Event: 15.482 Thread 0x00000000205cd800 4468       3       java.lang.Enum::hashCode (5 bytes)
Event: 15.483 Thread 0x00000000205cd800 nmethod 4468 0x0000000005a2a910 code [0x0000000005a2aa80, 0x0000000005a2ac08]
Event: 15.486 Thread 0x00000000205cd800 4469       3       org.springframework.aop.aspectj.annotation.AnnotationAwareAspectJAutoProxyCreator::isEligibleAspectBean (56 bytes)
Event: 15.487 Thread 0x00000000205cd800 nmethod 4469 0x0000000005a2ac90 code [0x0000000005a2ae60, 0x0000000005a2b5c8]
Event: 15.492 Thread 0x00000000205cd800 4470       3       sun.reflect.generics.reflectiveObjects.ParameterizedTypeImpl::toString (242 bytes)
Event: 15.496 Thread 0x00000000205cd800 nmethod 4470 0x0000000005a2b810 code [0x0000000005a2bc40, 0x0000000005a2e5c8]
Event: 15.516 Thread 0x00000000205cd800 4471       3       org.springframework.core.ResolvableType::getGeneric (90 bytes)
Event: 15.516 Thread 0x00000000205cd800 nmethod 4471 0x0000000005a2f810 code [0x0000000005a2f9c0, 0x0000000005a2ff58]
Event: 15.517 Thread 0x00000000205cd800 4472   !   3       org.springframework.beans.factory.support.AbstractAutowireCapableBeanFactory::getSingletonFactoryBeanForTypeCheck (187 bytes)
Event: 15.520 Thread 0x00000000205cd800 nmethod 4472 0x0000000005a30190 code [0x0000000005a30480, 0x0000000005a32188]

GC Heap History (10 events):
Event: 9.568 GC heap before
{Heap before GC invocations=8 (full 1):
 PSYoungGen      total 112128K, used 109196K [0x000000076b180000, 0x0000000772780000, 0x00000007c0000000)
  eden space 103936K, 100% used [0x000000076b180000,0x0000000771700000,0x0000000771700000)
  from space 8192K, 64% used [0x0000000771f00000,0x0000000772423000,0x0000000772700000)
  to   space 8192K, 0% used [0x0000000771700000,0x0000000771700000,0x0000000771f00000)
 ParOldGen       total 99328K, used 6898K [0x00000006c1400000, 0x00000006c7500000, 0x000000076b180000)
  object space 99328K, 6% used [0x00000006c1400000,0x00000006c1abcaf0,0x00000006c7500000)
 Metaspace       used 30483K, capacity 31346K, committed 31488K, reserved 1077248K
  class space    used 3853K, capacity 4057K, committed 4096K, reserved 1048576K
Event: 9.581 GC heap after
Heap after GC invocations=8 (full 1):
 PSYoungGen      total 112128K, used 7893K [0x000000076b180000, 0x0000000776380000, 0x00000007c0000000)
  eden space 103936K, 0% used [0x000000076b180000,0x000000076b180000,0x0000000771700000)
  from space 8192K, 96% used [0x0000000771700000,0x0000000771eb5648,0x0000000771f00000)
  to   space 8704K, 0% used [0x0000000775b00000,0x0000000775b00000,0x0000000776380000)
 ParOldGen       total 99328K, used 6906K [0x00000006c1400000, 0x00000006c7500000, 0x000000076b180000)
  object space 99328K, 6% used [0x00000006c1400000,0x00000006c1abeaf0,0x00000006c7500000)
 Metaspace       used 30483K, capacity 31346K, committed 31488K, reserved 1077248K
  class space    used 3853K, capacity 4057K, committed 4096K, reserved 1048576K
}
Event: 10.913 GC heap before
{Heap before GC invocations=9 (full 1):
 PSYoungGen      total 112128K, used 111829K [0x000000076b180000, 0x0000000776380000, 0x00000007c0000000)
  eden space 103936K, 100% used [0x000000076b180000,0x0000000771700000,0x0000000771700000)
  from space 8192K, 96% used [0x0000000771700000,0x0000000771eb5648,0x0000000771f00000)
  to   space 8704K, 0% used [0x0000000775b00000,0x0000000775b00000,0x0000000776380000)
 ParOldGen       total 99328K, used 6906K [0x00000006c1400000, 0x00000006c7500000, 0x000000076b180000)
  object space 99328K, 6% used [0x00000006c1400000,0x00000006c1abeaf0,0x00000006c7500000)
 Metaspace       used 32075K, capacity 33142K, committed 33280K, reserved 1079296K
  class space    used 4094K, capacity 4313K, committed 4352K, reserved 1048576K
Event: 10.930 GC heap after
Heap after GC invocations=9 (full 1):
 PSYoungGen      total 172032K, used 8685K [0x000000076b180000, 0x0000000776780000, 0x00000007c0000000)
  eden space 163328K, 0% used [0x000000076b180000,0x000000076b180000,0x0000000775100000)
  from space 8704K, 99% used [0x0000000775b00000,0x000000077637b4b0,0x0000000776380000)
  to   space 10240K, 0% used [0x0000000775100000,0x0000000775100000,0x0000000775b00000)
 ParOldGen       total 99328K, used 8931K [0x00000006c1400000, 0x00000006c7500000, 0x000000076b180000)
  object space 99328K, 8% used [0x00000006c1400000,0x00000006c1cb8cd0,0x00000006c7500000)
 Metaspace       used 32075K, capacity 33142K, committed 33280K, reserved 1079296K
  class space    used 4094K, capacity 4313K, committed 4352K, reserved 1048576K
}
Event: 12.224 GC heap before
{Heap before GC invocations=10 (full 1):
 PSYoungGen      total 172032K, used 106177K [0x000000076b180000, 0x0000000776780000, 0x00000007c0000000)
  eden space 163328K, 59% used [0x000000076b180000,0x00000007710b4f58,0x0000000775100000)
  from space 8704K, 99% used [0x0000000775b00000,0x000000077637b4b0,0x0000000776380000)
  to   space 10240K, 0% used [0x0000000775100000,0x0000000775100000,0x0000000775b00000)
 ParOldGen       total 99328K, used 8931K [0x00000006c1400000, 0x00000006c7500000, 0x000000076b180000)
  object space 99328K, 8% used [0x00000006c1400000,0x00000006c1cb8cd0,0x00000006c7500000)
 Metaspace       used 34185K, capacity 35324K, committed 35416K, reserved 1079296K
  class space    used 4416K, capacity 4640K, committed 4696K, reserved 1048576K
Event: 12.238 GC heap after
Heap after GC invocations=10 (full 1):
 PSYoungGen      total 173568K, used 8829K [0x000000076b180000, 0x0000000779f80000, 0x00000007c0000000)
  eden space 163328K, 0% used [0x000000076b180000,0x000000076b180000,0x0000000775100000)
  from space 10240K, 86% used [0x0000000775100000,0x000000077599f790,0x0000000775b00000)
  to   space 10752K, 0% used [0x0000000779500000,0x0000000779500000,0x0000000779f80000)
 ParOldGen       total 99328K, used 11870K [0x00000006c1400000, 0x00000006c7500000, 0x000000076b180000)
  object space 99328K, 11% used [0x00000006c1400000,0x00000006c1f97850,0x00000006c7500000)
 Metaspace       used 34185K, capacity 35324K, committed 35416K, reserved 1079296K
  class space    used 4416K, capacity 4640K, committed 4696K, reserved 1048576K
}
Event: 12.239 GC heap before
{Heap before GC invocations=11 (full 2):
 PSYoungGen      total 173568K, used 8829K [0x000000076b180000, 0x0000000779f80000, 0x00000007c0000000)
  eden space 163328K, 0% used [0x000000076b180000,0x000000076b180000,0x0000000775100000)
  from space 10240K, 86% used [0x0000000775100000,0x000000077599f790,0x0000000775b00000)
  to   space 10752K, 0% used [0x0000000779500000,0x0000000779500000,0x0000000779f80000)
 ParOldGen       total 99328K, used 11870K [0x00000006c1400000, 0x00000006c7500000, 0x000000076b180000)
  object space 99328K, 11% used [0x00000006c1400000,0x00000006c1f97850,0x00000006c7500000)
 Metaspace       used 34185K, capacity 35324K, committed 35416K, reserved 1079296K
  class space    used 4416K, capacity 4640K, committed 4696K, reserved 1048576K
Event: 12.340 GC heap after
Heap after GC invocations=11 (full 2):
 PSYoungGen      total 173568K, used 0K [0x000000076b180000, 0x0000000779f80000, 0x00000007c0000000)
  eden space 163328K, 0% used [0x000000076b180000,0x000000076b180000,0x0000000775100000)
  from space 10240K, 0% used [0x0000000775100000,0x0000000775100000,0x0000000775b00000)
  to   space 10752K, 0% used [0x0000000779500000,0x0000000779500000,0x0000000779f80000)
 ParOldGen       total 161280K, used 16846K [0x00000006c1400000, 0x00000006cb180000, 0x000000076b180000)
  object space 161280K, 10% used [0x00000006c1400000,0x00000006c2473bb0,0x00000006cb180000)
 Metaspace       used 34185K, capacity 35324K, committed 35416K, reserved 1079296K
  class space    used 4416K, capacity 4640K, committed 4696K, reserved 1048576K
}
Event: 15.272 GC heap before
{Heap before GC invocations=12 (full 2):
 PSYoungGen      total 173568K, used 163328K [0x000000076b180000, 0x0000000779f80000, 0x00000007c0000000)
  eden space 163328K, 100% used [0x000000076b180000,0x0000000775100000,0x0000000775100000)
  from space 10240K, 0% used [0x0000000775100000,0x0000000775100000,0x0000000775b00000)
  to   space 10752K, 0% used [0x0000000779500000,0x0000000779500000,0x0000000779f80000)
 ParOldGen       total 161280K, used 16846K [0x00000006c1400000, 0x00000006cb180000, 0x000000076b180000)
  object space 161280K, 10% used [0x00000006c1400000,0x00000006c2473bb0,0x00000006cb180000)
 Metaspace       used 39079K, capacity 40512K, committed 40664K, reserved 1085440K
  class space    used 5028K, capacity 5314K, committed 5336K, reserved 1048576K
Event: 15.286 GC heap after
Heap after GC invocations=12 (full 2):
 PSYoungGen      total 212992K, used 7864K [0x000000076b180000, 0x0000000779d00000, 0x00000007c0000000)
  eden space 204800K, 0% used [0x000000076b180000,0x000000076b180000,0x0000000777980000)
  from space 8192K, 96% used [0x0000000779500000,0x0000000779cae3d8,0x0000000779d00000)
  to   space 10752K, 0% used [0x0000000778800000,0x0000000778800000,0x0000000779280000)
 ParOldGen       total 161280K, used 16854K [0x00000006c1400000, 0x00000006cb180000, 0x000000076b180000)
  object space 161280K, 10% used [0x00000006c1400000,0x00000006c2475bb0,0x00000006cb180000)
 Metaspace       used 39079K, capacity 40512K, committed 40664K, reserved 1085440K
  class space    used 5028K, capacity 5314K, committed 5336K, reserved 1048576K
}

Deoptimization events (10 events):
Event: 15.033 Thread 0x0000000004746000 Uncommon trap: reason=null_check action=make_not_entrant pc=0x0000000005933e1c method=org.springframework.util.ClassUtils.isAssignable(Ljava/lang/Class;Ljava/lang/Class;)Z @ 14
Event: 15.033 Thread 0x0000000004746000 Uncommon trap: reason=unstable_if action=reinterpret pc=0x00000000059325e8 method=java.util.IdentityHashMap.get(Ljava/lang/Object;)Ljava/lang/Object; @ 31
Event: 15.067 Thread 0x0000000004746000 Uncommon trap: reason=class_check action=maybe_recompile pc=0x000000000593636c method=org.springframework.beans.factory.support.AbstractAutowireCapableBeanFactory.predictBeanType(Ljava/lang/String;Lorg/springframework/beans/factory/support/RootBeanDefinit
Event: 15.092 Thread 0x0000000004746000 Uncommon trap: reason=class_check action=maybe_recompile pc=0x000000000593636c method=org.springframework.beans.factory.support.AbstractAutowireCapableBeanFactory.predictBeanType(Ljava/lang/String;Lorg/springframework/beans/factory/support/RootBeanDefinit
Event: 15.092 Thread 0x0000000004746000 Uncommon trap: reason=class_check action=maybe_recompile pc=0x000000000593636c method=org.springframework.beans.factory.support.AbstractAutowireCapableBeanFactory.predictBeanType(Ljava/lang/String;Lorg/springframework/beans/factory/support/RootBeanDefinit
Event: 15.092 Thread 0x0000000004746000 Uncommon trap: reason=class_check action=maybe_recompile pc=0x000000000593636c method=org.springframework.beans.factory.support.AbstractAutowireCapableBeanFactory.predictBeanType(Ljava/lang/String;Lorg/springframework/beans/factory/support/RootBeanDefinit
Event: 15.288 Thread 0x0000000020260800 Uncommon trap: reason=unstable_if action=reinterpret pc=0x0000000004bc4614 method=java.lang.ref.Finalizer.remove()V @ 10
Event: 15.288 Thread 0x0000000020260800 Uncommon trap: reason=unstable_if action=reinterpret pc=0x0000000004b8b354 method=java.lang.ref.Finalizer.remove()V @ 10
Event: 15.462 Thread 0x0000000004746000 Uncommon trap: reason=unstable_if action=reinterpret pc=0x0000000005529cec method=java.util.StringTokenizer.nextToken()Ljava/lang/String; @ 5
Event: 15.767 Thread 0x0000000004746000 Uncommon trap: reason=unstable_if action=reinterpret pc=0x0000000004b86b04 method=java.lang.StringBuffer.toString()Ljava/lang/String; @ 4

Classes redefined (0 events):
No events

Internal exceptions (10 events):
Event: 15.381 Thread 0x0000000004746000 Exception <a 'java/lang/ClassNotFoundException': java/lang/ObjectCustomizer> (0x000000076b897880) thrown at [C:\jenkins\workspace\zulu8-silver-build-win64\zulu-src\hotspot\src\share\vm\classfile\systemDictionary.cpp, line 215]
Event: 15.384 Thread 0x0000000004746000 Exception <a 'java/lang/ClassNotFoundException': org/springframework/boot/web/server/ErrorPageRegistrarBeanPostProcessorCustomizer> (0x000000076b8d6bc8) thrown at [C:\jenkins\workspace\zulu8-silver-build-win64\zulu-src\hotspot\src\share\vm\classfile\syste
Event: 15.387 Thread 0x0000000004746000 Exception <a 'java/lang/ClassNotFoundException': org/springframework/beans/factory/config/BeanPostProcessorCustomizer> (0x000000076b91b3a8) thrown at [C:\jenkins\workspace\zulu8-silver-build-win64\zulu-src\hotspot\src\share\vm\classfile\systemDictionary.c
Event: 15.389 Thread 0x0000000004746000 Exception <a 'java/lang/ClassNotFoundException': org/springframework/beans/factory/BeanFactoryAwareCustomizer> (0x000000076b94d828) thrown at [C:\jenkins\workspace\zulu8-silver-build-win64\zulu-src\hotspot\src\share\vm\classfile\systemDictionary.cpp, line
Event: 15.492 Thread 0x0000000004746000 Exception <a 'java/lang/ClassNotFoundException': java/lang/ObjectCustomizer> (0x000000076bd095f0) thrown at [C:\jenkins\workspace\zulu8-silver-build-win64\zulu-src\hotspot\src\share\vm\classfile\systemDictionary.cpp, line 215]
Event: 15.495 Thread 0x0000000004746000 Exception <a 'java/lang/ClassNotFoundException': org/springframework/transaction/annotation/AbstractTransactionManagementConfigurationCustomizer> (0x000000076bd511d0) thrown at [C:\jenkins\workspace\zulu8-silver-build-win64\zulu-src\hotspot\src\share\vm\c
Event: 15.498 Thread 0x0000000004746000 Exception <a 'java/lang/ClassNotFoundException': org/springframework/transaction/annotation/ProxyTransactionManagementConfigurationCustomizer> (0x000000076bd96660) thrown at [C:\jenkins\workspace\zulu8-silver-build-win64\zulu-src\hotspot\src\share\vm\clas
Event: 15.501 Thread 0x0000000004746000 Exception <a 'java/lang/ClassNotFoundException': org/springframework/transaction/annotation/ProxyTransactionManagementConfiguration$$EnhancerBySpringCGLIB$$ef250461Customizer> (0x000000076bdedc98) thrown at [C:\jenkins\workspace\zulu8-silver-build-win64\z
Event: 15.504 Thread 0x0000000004746000 Exception <a 'java/lang/ClassNotFoundException': org/springframework/context/annotation/ConfigurationClassEnhancer$EnhancedConfigurationCustomizer> (0x000000076be3ede8) thrown at [C:\jenkins\workspace\zulu8-silver-build-win64\zulu-src\hotspot\src\share\vm
Event: 15.506 Thread 0x0000000004746000 Exception <a 'java/lang/ClassNotFoundException': org/springframework/context/annotation/ImportAwareCustomizer> (0x000000076be708b0) thrown at [C:\jenkins\workspace\zulu8-silver-build-win64\zulu-src\hotspot\src\share\vm\classfile\systemDictionary.cpp, line

Events (10 events):
Event: 15.779 loading class org/aspectj/weaver/VersionedDataInputStream
Event: 15.779 loading class org/aspectj/weaver/VersionedDataInputStream done
Event: 15.781 Executing VM operation: Deoptimize
Event: 15.781 Executing VM operation: Deoptimize done
Event: 15.782 loading class org/aspectj/weaver/patterns/TypePattern$MatchKind
Event: 15.782 loading class org/aspectj/weaver/patterns/TypePattern$MatchKind done
Event: 15.784 loading class org/aspectj/weaver/patterns/TypePatternList
Event: 15.784 loading class org/aspectj/weaver/patterns/TypePatternList done
Event: 15.789 loading class org/aspectj/weaver/patterns/PatternNodeVisitor
Event: 15.789 loading class org/aspectj/weaver/patterns/PatternNodeVisitor done


Dynamic libraries:
0x00007ff63a010000 - 0x00007ff63a045000 	H:\jdk_open8\zulu8.48.0.53-ca-jdk8.0.265-win_x64\bin\java.exe
0x00007ffd555c0000 - 0x00007ffd557a0000 	C:\WINDOWS\SYSTEM32\ntdll.dll
0x00007ffd53a80000 - 0x00007ffd53b2e000 	C:\WINDOWS\System32\KERNEL32.DLL
0x00007ffd52300000 - 0x00007ffd52566000 	C:\WINDOWS\System32\KERNELBASE.dll
0x00007ffd53160000 - 0x00007ffd53201000 	C:\WINDOWS\System32\ADVAPI32.dll
0x00007ffd539e0000 - 0x00007ffd53a7d000 	C:\WINDOWS\System32\msvcrt.dll
0x00007ffd53470000 - 0x00007ffd534cb000 	C:\WINDOWS\System32\sechost.dll
0x00007ffd53b40000 - 0x00007ffd53c5f000 	C:\WINDOWS\System32\RPCRT4.dll
0x00007ffd55400000 - 0x00007ffd5558f000 	C:\WINDOWS\System32\USER32.dll
0x00007ffd52000000 - 0x00007ffd52020000 	C:\WINDOWS\System32\win32u.dll
0x00007ffd52a30000 - 0x00007ffd52a58000 	C:\WINDOWS\System32\GDI32.dll
0x00007ffd52740000 - 0x00007ffd528d3000 	C:\WINDOWS\System32\gdi32full.dll
0x00007ffd526a0000 - 0x00007ffd5273b000 	C:\WINDOWS\System32\msvcp_win.dll
0x00007ffd52200000 - 0x00007ffd522f5000 	C:\WINDOWS\System32\ucrtbase.dll
0x00007ffd44f60000 - 0x00007ffd451c9000 	C:\WINDOWS\WinSxS\amd64_microsoft.windows.common-controls_6595b64144ccf1df_6.0.16299.847_none_15cddd1e93602b6a\COMCTL32.dll
0x00007ffd53500000 - 0x00007ffd53806000 	C:\WINDOWS\System32\combase.dll
0x00007ffd525c0000 - 0x00007ffd52632000 	C:\WINDOWS\System32\bcryptPrimitives.dll
0x00007ffd534d0000 - 0x00007ffd534fd000 	C:\WINDOWS\System32\IMM32.DLL
0x000000005bec0000 - 0x000000005bf92000 	H:\jdk_open8\zulu8.48.0.53-ca-jdk8.0.265-win_x64\jre\bin\msvcr100.dll
0x000000005aa50000 - 0x000000005b30c000 	H:\jdk_open8\zulu8.48.0.53-ca-jdk8.0.265-win_x64\jre\bin\server\jvm.dll
0x00007ffd51720000 - 0x00007ffd51743000 	C:\WINDOWS\System32\WINMM.dll
0x00007ffd51640000 - 0x00007ffd5166a000 	C:\WINDOWS\System32\WINMMBASE.dll
0x00007ffd516d0000 - 0x00007ffd5171a000 	C:\WINDOWS\System32\cfgmgr32.dll
0x00007ffd53150000 - 0x00007ffd53158000 	C:\WINDOWS\System32\PSAPI.DLL
0x00007ffd419e0000 - 0x00007ffd419e9000 	C:\WINDOWS\SYSTEM32\WSOCK32.dll
0x00007ffd55120000 - 0x00007ffd5518c000 	C:\WINDOWS\System32\WS2_32.dll
0x00007ffd51120000 - 0x00007ffd5112a000 	C:\WINDOWS\SYSTEM32\VERSION.dll
0x00007ffd4e260000 - 0x00007ffd4e26f000 	H:\jdk_open8\zulu8.48.0.53-ca-jdk8.0.265-win_x64\jre\bin\verify.dll
0x00007ffd4c8f0000 - 0x00007ffd4c919000 	H:\jdk_open8\zulu8.48.0.53-ca-jdk8.0.265-win_x64\jre\bin\java.dll
0x00007ffd46d20000 - 0x00007ffd46d55000 	H:\jdk_open8\zulu8.48.0.53-ca-jdk8.0.265-win_x64\jre\bin\jdwp.dll
0x00007ffd4c8e0000 - 0x00007ffd4c8e8000 	H:\jdk_open8\zulu8.48.0.53-ca-jdk8.0.265-win_x64\jre\bin\npt.dll
0x00007ffd4b4b0000 - 0x00007ffd4b4d3000 	H:\jdk_open8\zulu8.48.0.53-ca-jdk8.0.265-win_x64\jre\bin\instrument.dll
0x00007ffd4d5c0000 - 0x00007ffd4d5d6000 	H:\jdk_open8\zulu8.48.0.53-ca-jdk8.0.265-win_x64\jre\bin\zip.dll
0x00007ffd53ce0000 - 0x00007ffd55118000 	C:\WINDOWS\System32\SHELL32.dll
0x00007ffd53210000 - 0x00007ffd532b6000 	C:\WINDOWS\System32\shcore.dll
0x00007ffd51800000 - 0x00007ffd51f47000 	C:\WINDOWS\System32\windows.storage.dll
0x00007ffd53810000 - 0x00007ffd53861000 	C:\WINDOWS\System32\shlwapi.dll
0x00007ffd51690000 - 0x00007ffd516a1000 	C:\WINDOWS\System32\kernel.appcore.dll
0x00007ffd52570000 - 0x00007ffd525bc000 	C:\WINDOWS\System32\powrprof.dll
0x00007ffd516b0000 - 0x00007ffd516cb000 	C:\WINDOWS\System32\profapi.dll
0x00007ffd4c750000 - 0x00007ffd4c759000 	H:\jdk_open8\zulu8.48.0.53-ca-jdk8.0.265-win_x64\jre\bin\dt_socket.dll
0x00007ffd3fda0000 - 0x00007ffd3ff1b000 	C:\Program Files (x86)\Sangfor\SSL\ClientComponent\SangforTcpX64.dll
0x00007ffd528e0000 - 0x00007ffd52a29000 	C:\WINDOWS\System32\ole32.dll
0x00007ffd55190000 - 0x00007ffd55255000 	C:\WINDOWS\System32\OLEAUT32.dll
0x00007ffd52640000 - 0x00007ffd52698000 	C:\WINDOWS\System32\WINTRUST.dll
0x00007ffd51670000 - 0x00007ffd51682000 	C:\WINDOWS\System32\MSASN1.dll
0x00007ffd52030000 - 0x00007ffd521fe000 	C:\WINDOWS\System32\CRYPT32.dll
0x00007ffd50e40000 - 0x00007ffd50ea6000 	C:\WINDOWS\system32\mswsock.dll
0x00007ffd49da0000 - 0x00007ffd49dba000 	H:\jdk_open8\zulu8.48.0.53-ca-jdk8.0.265-win_x64\jre\bin\net.dll
0x0000000021dd0000 - 0x0000000022d26000 	C:\WINDOWS\system32\networkdlllspx64.dll
0x00007ffd506e0000 - 0x00007ffd50711000 	C:\WINDOWS\SYSTEM32\ntmarta.dll
0x00007ffd3ffe0000 - 0x00007ffd3ffea000 	C:\WINDOWS\system32\wshqos.dll
0x00007ffd3ffb0000 - 0x00007ffd3ffb8000 	C:\WINDOWS\SYSTEM32\wshtcpip.DLL
0x00007ffd3ff20000 - 0x00007ffd3ff28000 	C:\WINDOWS\SYSTEM32\wship6.dll
0x00007ffd51000000 - 0x00007ffd51017000 	C:\WINDOWS\SYSTEM32\CRYPTSP.dll
0x00007ffd50a40000 - 0x00007ffd50a73000 	C:\WINDOWS\system32\rsaenh.dll
0x00007ffd51130000 - 0x00007ffd51155000 	C:\WINDOWS\SYSTEM32\bcrypt.dll
0x00007ffd51570000 - 0x00007ffd51599000 	C:\WINDOWS\SYSTEM32\USERENV.dll
0x00007ffd51020000 - 0x00007ffd5102b000 	C:\WINDOWS\SYSTEM32\CRYPTBASE.dll
0x00007ffd50bd0000 - 0x00007ffd50c09000 	C:\WINDOWS\SYSTEM32\IPHLPAPI.DLL
0x00007ffd53b30000 - 0x00007ffd53b38000 	C:\WINDOWS\System32\NSI.dll
0x00007ffd4c970000 - 0x00007ffd4c986000 	C:\WINDOWS\SYSTEM32\dhcpcsvc6.DLL
0x00007ffd4bd30000 - 0x00007ffd4bd4a000 	C:\WINDOWS\SYSTEM32\dhcpcsvc.DLL
0x00007ffd487a0000 - 0x00007ffd487b1000 	H:\jdk_open8\zulu8.48.0.53-ca-jdk8.0.265-win_x64\jre\bin\nio.dll
0x00007ffd4c740000 - 0x00007ffd4c74d000 	H:\jdk_open8\zulu8.48.0.53-ca-jdk8.0.265-win_x64\jre\bin\management.dll
0x00007ffd24b70000 - 0x00007ffd24b9f000 	C:\Program Files (x86)\Sangfor\SSL\ClientComponent\SangforNspX64.dll
0x00007ffd24b50000 - 0x00007ffd24b66000 	C:\WINDOWS\system32\napinsp.dll
0x00007ffd24b30000 - 0x00007ffd24b4a000 	C:\WINDOWS\system32\pnrpnsp.dll
0x00007ffd4e690000 - 0x00007ffd4e6a8000 	C:\WINDOWS\system32\NLAapi.dll
0x00007ffd24f60000 - 0x00007ffd24f6e000 	C:\WINDOWS\System32\winrnr.dll
0x00007ffd50c10000 - 0x00007ffd50cc6000 	C:\WINDOWS\SYSTEM32\DNSAPI.dll
0x00007ffd24f70000 - 0x00007ffd24f85000 	C:\WINDOWS\System32\wshbth.dll
0x00007ffd4ad60000 - 0x00007ffd4ad6a000 	C:\Windows\System32\rasadhlp.dll
0x00007ffd4a2c0000 - 0x00007ffd4a330000 	C:\WINDOWS\System32\fwpuclnt.dll

VM Arguments:
jvm_args: -agentlib:jdwp=transport=dt_socket,address=127.0.0.1:65407,suspend=y,server=n -Dvisualvm.id=4146125099898469 -ea -Didea.test.cyclic.buffer.size=1048576 -javaagent:C:\Users\Machenike\.IntelliJIdea2018.1\system\groovyHotSwap\gragent.jar -javaagent:C:\Users\Machenike\AppData\Local\Temp\capture2941jars\debugger-agent.jar=file:/C:/Users/Machenike/AppData/Local/Temp/capture.props -Dfile.encoding=UTF-8 
java_command: org.testng.RemoteTestNGStarter -usedefaultlisteners false -socket65406 @w@C:\Users\Machenike\AppData\Local\Temp\idea_working_dirs_testng.tmp -temp C:\Users\Machenike\AppData\Local\Temp\idea_testng.tmp
java_class_path (initial): E:\IntelliJ IDEA 2018.1.6\lib\idea_rt.jar;E:\IntelliJ IDEA 2018.1.6\plugins\testng\lib\testng-plugin.jar;H:\jdk_open8\zulu8.48.0.53-ca-jdk8.0.265-win_x64\jre\lib\charsets.jar;H:\jdk_open8\zulu8.48.0.53-ca-jdk8.0.265-win_x64\jre\lib\ext\access-bridge-64.jar;H:\jdk_open8\zulu8.48.0.53-ca-jdk8.0.265-win_x64\jre\lib\ext\cldrdata.jar;H:\jdk_open8\zulu8.48.0.53-ca-jdk8.0.265-win_x64\jre\lib\ext\dnsns.jar;H:\jdk_open8\zulu8.48.0.53-ca-jdk8.0.265-win_x64\jre\lib\ext\jaccess.jar;H:\jdk_open8\zulu8.48.0.53-ca-jdk8.0.265-win_x64\jre\lib\ext\legacy8ujsse.jar;H:\jdk_open8\zulu8.48.0.53-ca-jdk8.0.265-win_x64\jre\lib\ext\localedata.jar;H:\jdk_open8\zulu8.48.0.53-ca-jdk8.0.265-win_x64\jre\lib\ext\nashorn.jar;H:\jdk_open8\zulu8.48.0.53-ca-jdk8.0.265-win_x64\jre\lib\ext\openjsse.jar;H:\jdk_open8\zulu8.48.0.53-ca-jdk8.0.265-win_x64\jre\lib\ext\sunec.jar;H:\jdk_open8\zulu8.48.0.53-ca-jdk8.0.265-win_x64\jre\lib\ext\sunjce_provider.jar;H:\jdk_open8\zulu8.48.0.53-ca-jdk8.0.265-win_x64\jre\lib\ext\sunmscapi.jar;H:\jdk_open8\zulu8.48.0.53-ca-jdk8.0.265-win_x64\jre\lib\ext\sunpkcs11.jar;H:\jdk_open8\zulu8.48.0.53-ca-jdk8.0.265-win_x64\jre\lib\ext\zipfs.jar;H:\jdk_open8\zulu8.48.0.53-ca-jdk8.0.265-win_x64\jre\lib\jce.jar;H:\jdk_open8\zulu8.48.0.53-ca-jdk8.0.265-win_x64\jre\lib\jfr.jar;H:\jdk_open8\zulu8.48.0.53-ca-jdk8.0.265-win_x64\jre\lib\jsse.jar;H:\jdk_open8\zulu8.48.0.53-ca-jdk8.0.265-win_x64\jre\lib\management-agent.jar;H:\jdk_open8\zulu8.48.0.53-ca-jdk8.0.265-win_x64\jre\lib\resources.jar;H:\jdk_open8\zulu8.48.0.53-ca-jdk8.0.265-win_x64\jre\lib\rt.jar;H:\后端OA\app\p_Inventory\out\test\classes;H:\后端OA\app\p_App\out\testFixtures\resources;H:\后端OA\app\p_App\out\production\classes;H:\后端OA\app\p_App\out\production\resources;H:\后端OA\app\p_Inventory\out\production\classes;H:\后端OA\app\p_Usermgr\out\production\classes;H:\后端OA\app\p_AppComm\out\production\classes;H:\后端OA\frame\f_frame\libs\dependencies\accessors-smart-1.2.jar;H:\后端OA\frame\f_frame\li
Launcher Type: SUN_STANDARD

Environment Variables:
JAVA_HOME=C:\jdk1.8.0_161
CLASSPATH=C:\jdk1.8.0_161\lib\dt.jar;C:\jdk1.8.0_161\lib\tools.jar
PATH=G:\;C:\ProgramData\Oracle\Java\javapath;C:\Windows\system32;C:\Windows;C:\Windows\System32\Wbem;C:\Windows\System32\WindowsPowerShell\v1.0\;C:\Program Files (x86)\NVIDIA Corporation\PhysX\Common;C:\Program Files\Intel\WiFi\bin\;C:\Program Files\Common Files\Intel\WirelessCommon\;C:\WINDOWS\system32;C:\WINDOWS;C:\WINDOWS\System32\Wbem;C:\WINDOWS\System32\WindowsPowerShell\v1.0\;C:\Program Files (x86)\Microsoft SQL Server\110\DTS\Binn\;C:\Program Files (x86)\Microsoft SQL Server\110\Tools\Binn\;C:\jdk1.8.0_161\bin;C:\jdk1.8.0_161\jre\bin;D:\apache-tomcat-8.5.29\bin;C:\Program Files (x86)\apache-maven-3.5.3\bin;F:\nodejs\;F:\android-sdk-windows\platform-tools;C:\Program Files\TortoiseSVN\bin;D:\git\Git\cmd;C:\Program Files\TortoiseGit\bin;C:\mongodb\Server\3.2\bin;E:\php5.6;E:\php5.6\ext;E:\bin;H:\spark\bin;C:\Program Files (x86)\scala\\bin;H:\hadoop-common-2.7.1-bin\bin;C:\Program Files\NVIDIA Corporation\NVIDIA NvDLISR;C:\Program Files\erl7.1\bin;H:\mysql-5.7.20-winx64\bin;C:\Users\Machenike\AppData\Roaming\npm;C:\Users\Machenike\AppData\Roaming\npm\node_modules\@vue\cli-init\node_modules\.bin;E:\Python35\Scripts\;E:\Python35\;C:\Users\Machenike\Anaconda3;C:\Users\Machenike\Anaconda3\Library\mingw-w64\bin;C:\Users\Machenike\Anaconda3\Library\usr\bin;C:\Users\Machenike\Anaconda3\Library\bin;C:\Users\Machenike\Anaconda3\Scripts;C:\Program Files\Intel\WiFi\bin\;C:\Program Files\Common Files\Intel\WirelessCommon\;C:\Users\Machenike\AppData\Local\Microsoft\WindowsApps;C:\Users\Machenike\AppData\Roaming\npm;D:\apache-tomcat-8.5.29\bin;F:\nodejs\node_global;C:\Users\Machenike\AppData\Local\atom\bin;H:\spark\bin;C:\Program Files\JetBrains\IntelliJ IDEA 2019.3.1\bin;;E:\WebStorm 2020.1.3\bin;;H:\Microsoft VS Code\bin;
USERNAME=Machenike
OS=Windows_NT
PROCESSOR_IDENTIFIER=Intel64 Family 6 Model 94 Stepping 3, GenuineIntel



---------------  S Y S T E M  ---------------

OS: Windows 10.0 , 64 bit Build 16299 (10.0.16299.431)

CPU:total 8 (initial active 8) (4 cores per cpu, 2 threads per core) family 6 model 94 stepping 3, cmov, cx8, fxsr, mmx, sse, sse2, sse3, ssse3, sse4.1, sse4.2, popcnt, avx, avx2, aes, clmul, erms, rtm, 3dnowpref, lzcnt, ht, tsc, tscinvbit, bmi1, bmi2, adx

Memory: 4k page, physical 16690832k(2826692k free), swap 16690832k(7984k free)

vm_info: OpenJDK 64-Bit Server VM (25.265-b11) for windows-amd64 JRE (Zulu 8.48.0.53-CA-win64) (1.8.0_265-b11), built on Jul 28 2020 03:18:21 by "tester" with MS VC++ 10.0 (VS2010)

time: Wed Dec 09 16:12:10 2020
timezone: 中国标准时间
elapsed time: 15 seconds (0d 0h 0m 15s)

