#
# There is insufficient memory for the Java Runtime Environment to continue.
# Native memory allocation (malloc) failed to allocate 4009136 bytes for Chunk::new
# Possible reasons:
#   The system is out of physical RAM or swap space
#   The process is running with CompressedOops enabled, and the Java Heap may be blocking the growth of the native heap
# Possible solutions:
#   Reduce memory load on the system
#   Increase physical memory or swap space
#   Check if swap backing store is full
#   Decrease Java heap size (-Xmx/-Xms)
#   Decrease number of Java threads
#   Decrease Java thread stack sizes (-Xss)
#   Set larger code cache with -XX:ReservedCodeCacheSize=
#   JVM is running with Zero Based Compressed Oops mode in which the Java heap is
#     placed in the first 32GB address space. The Java Heap base address is the
#     maximum limit for the native heap growth. Please use -XX:HeapBaseMinAddress
#     to set the Java Heap base and to place the Java Heap above 32GB virtual address.
# This output file may be truncated or incomplete.
#
#  Out of Memory Error (allocation.cpp:389), pid=15004, tid=0x000000000000268c
#
# JRE version: OpenJDK Runtime Environment (Zulu 8.48.0.53-CA-win64) (8.0_265-b11) (build 1.8.0_265-b11)
# Java VM: OpenJDK 64-Bit Server VM (25.265-b11 mixed mode windows-amd64 compressed oops)
# Failed to write core dump. Minidumps are not enabled by default on client versions of Windows
#

---------------  T H R E A D  ---------------

Current thread (0x0000000021310800):  JavaThread "C2 CompilerThread1" daemon [_thread_in_native, id=9868, stack(0x0000000021e50000,0x0000000021f50000)]

Stack: [0x0000000021e50000,0x0000000021f50000]
[error occurred during error reporting (printing stack bounds), id 0xc0000005]

Native frames: (J=compiled Java code, j=interpreted, Vv=VM code, C=native code)


Current CompileTask:
C2:  30276 7318       4       org.springframework.core.ResolvableType::as (86 bytes)


---------------  P R O C E S S  ---------------

Java Threads: ( => current thread )
  0x0000000029ed9800 JavaThread "HikariPool-1 housekeeper" daemon [_thread_blocked, id=1768, stack(0x0000000030800000,0x0000000030900000)]
  0x000000002a598000 JavaThread "container-0" [_thread_blocked, id=14144, stack(0x0000000030400000,0x0000000030500000)]
  0x000000002a3c0000 JavaThread "ContainerBackgroundProcessor[StandardEngine[Tomcat]]" daemon [_thread_blocked, id=18396, stack(0x0000000030300000,0x0000000030400000)]
  0x0000000024629800 JavaThread "SimplePauseDetectorThread_0" daemon [_thread_blocked, id=17224, stack(0x000000002ef50000,0x000000002f050000)]
  0x000000002add5800 JavaThread "Thread-3" daemon [_thread_blocked, id=2392, stack(0x000000002cbb0000,0x000000002ccb0000)]
  0x0000000029a37800 JavaThread "Abandoned connection cleanup thread" daemon [_thread_blocked, id=18012, stack(0x000000002bbb0000,0x000000002bcb0000)]
  0x000000002ef4b800 JavaThread "localhost-startStop-1" daemon [_thread_blocked, id=10356, stack(0x0000000029870000,0x0000000029970000)]
  0x0000000028834000 JavaThread "Tomcat-startStop-1" daemon [_thread_blocked, id=4072, stack(0x0000000029770000,0x0000000029870000)]
  0x0000000026c82000 JavaThread "logback-1" daemon [_thread_blocked, id=15480, stack(0x0000000026210000,0x0000000026310000)]
  0x000000002137e800 JavaThread "Service Thread" daemon [_thread_blocked, id=13184, stack(0x0000000022950000,0x0000000022a50000)]
  0x000000002131c000 JavaThread "C1 CompilerThread3" daemon [_thread_blocked, id=14956, stack(0x0000000022050000,0x0000000022150000)]
  0x0000000021311000 JavaThread "C2 CompilerThread2" daemon [_thread_in_native, id=2644, stack(0x0000000021f50000,0x0000000022050000)]
=>0x0000000021310800 JavaThread "C2 CompilerThread1" daemon [_thread_in_native, id=9868, stack(0x0000000021e50000,0x0000000021f50000)]
  0x0000000021302000 JavaThread "C2 CompilerThread0" daemon [_thread_in_native, id=13388, stack(0x0000000021d50000,0x0000000021e50000)]
  0x0000000021037000 JavaThread "JDWP Command Reader" daemon [_thread_in_native, id=4328, stack(0x0000000021c50000,0x0000000021d50000)]
  0x0000000021034000 JavaThread "JDWP Event Helper Thread" daemon [_thread_blocked, id=15452, stack(0x0000000021b50000,0x0000000021c50000)]
  0x0000000021022000 JavaThread "JDWP Transport Listener: dt_socket" daemon [_thread_blocked, id=13740, stack(0x0000000021a50000,0x0000000021b50000)]
  0x0000000020fc5000 JavaThread "Attach Listener" daemon [_thread_blocked, id=17396, stack(0x00000000217e0000,0x00000000218e0000)]
  0x0000000021018000 JavaThread "Signal Dispatcher" daemon [_thread_blocked, id=15400, stack(0x00000000216e0000,0x00000000217e0000)]
  0x000000001f1b6000 JavaThread "Finalizer" daemon [_thread_blocked, id=3404, stack(0x0000000021480000,0x0000000021580000)]
  0x0000000020fa0800 JavaThread "Reference Handler" daemon [_thread_blocked, id=14576, stack(0x0000000021380000,0x0000000021480000)]
  0x0000000005556000 JavaThread "main" [_thread_in_vm, id=1908, stack(0x0000000005450000,0x0000000005550000)]

Other Threads:
  0x000000001f1a7000 VMThread [stack: 0x0000000020e80000,0x0000000020f80000] [id=1076]
  0x0000000022222800 WatcherThread [stack: 0x0000000022a50000,0x0000000022b50000] [id=15604]

VM state:not at safepoint (normal execution)

VM Mutex/Monitor currently owned by a thread: None

heap address: 0x00000006c1400000, size: 4076 MB, Compressed Oops mode: Zero based, Oop shift amount: 3
Narrow klass base: 0x0000000000000000, Narrow klass shift: 3
Compressed class space size: 1073741824 Address: 0x00000007c0000000

Heap:
 PSYoungGen      total 299520K, used 29999K [0x000000076b180000, 0x000000077f580000, 0x00000007c0000000)
  eden space 285696K, 5% used [0x000000076b180000,0x000000076c1bfa10,0x000000077c880000)
  from space 13824K, 96% used [0x000000077e800000,0x000000077f50c380,0x000000077f580000)
  to   space 17920K, 0% used [0x000000077d280000,0x000000077d280000,0x000000077e400000)
 ParOldGen       total 163840K, used 36683K [0x00000006c1400000, 0x00000006cb400000, 0x000000076b180000)
  object space 163840K, 22% used [0x00000006c1400000,0x00000006c37d2d40,0x00000006cb400000)
 Metaspace       used 66899K, capacity 69484K, committed 69720K, reserved 1110016K
  class space    used 8778K, capacity 9244K, committed 9344K, reserved 1048576K

Card table byte_map: [0x0000000014b10000,0x0000000015310000] byte_map_base: 0x0000000011506000

Marking Bits: (ParMarkBitMap*) 0x000000005b5eaa30
 Begin Bits: [0x0000000016060000, 0x000000001a010000)
 End Bits:   [0x000000001a010000, 0x000000001dfc0000)

Polling page: 0x00000000031e0000

CodeCache: size=245760Kb used=25836Kb max_used=26822Kb free=219923Kb
 bounds [0x0000000005750000, 0x00000000071a0000, 0x0000000014750000]
 total_blobs=7057 nmethods=6465 adapters=511
 compilation: enabled

Compilation events (10 events):
Event: 30.109 Thread 0x000000002131c000 7556       1       org.aspectj.weaver.TypeVariable::getDeclaringElement (5 bytes)
Event: 30.109 Thread 0x000000002131c000 nmethod 7556 0x0000000006c68e50 code [0x0000000006c68fa0, 0x0000000006c690b0]
Event: 30.109 Thread 0x000000002131c000 7557       1       org.aspectj.weaver.TypeVariable::getDeclaringElementKind (5 bytes)
Event: 30.110 Thread 0x000000002131c000 nmethod 7557 0x0000000005d82350 code [0x0000000005d824a0, 0x0000000005d825b0]
Event: 30.110 Thread 0x000000002131c000 7558       1       org.aspectj.weaver.TypeVariable::getRank (5 bytes)
Event: 30.110 Thread 0x000000002131c000 nmethod 7558 0x0000000006263a10 code [0x0000000006263b60, 0x0000000006263c70]
Event: 30.116 Thread 0x000000002131c000 7559       2       org.springframework.core.BridgeMethodResolver::isBridgeMethodFor (35 bytes)
Event: 30.116 Thread 0x000000002131c000 nmethod 7559 0x0000000005d479d0 code [0x0000000005d47b40, 0x0000000005d47d48]
Event: 30.117 Thread 0x000000002131c000 7560       2       org.springframework.core.GenericTypeResolver::resolveParameterType (26 bytes)
Event: 30.117 Thread 0x000000002131c000 nmethod 7560 0x0000000005ca07d0 code [0x0000000005ca0980, 0x0000000005ca0c98]

GC Heap History (10 events):
Event: 18.900 GC heap before
{Heap before GC invocations=13 (full 2):
 PSYoungGen      total 204288K, used 203970K [0x000000076b180000, 0x0000000778d80000, 0x00000007c0000000)
  eden space 196096K, 100% used [0x000000076b180000,0x0000000777100000,0x0000000777100000)
  from space 8192K, 96% used [0x0000000778580000,0x0000000778d30b80,0x0000000778d80000)
  to   space 10240K, 0% used [0x0000000777980000,0x0000000777980000,0x0000000778380000)
 ParOldGen       total 163840K, used 16395K [0x00000006c1400000, 0x00000006cb400000, 0x000000076b180000)
  object space 163840K, 10% used [0x00000006c1400000,0x00000006c2402c90,0x00000006cb400000)
 Metaspace       used 45593K, capacity 47378K, committed 47704K, reserved 1091584K
  class space    used 5832K, capacity 6159K, committed 6272K, reserved 1048576K
Event: 18.920 GC heap after
Heap after GC invocations=13 (full 2):
 PSYoungGen      total 215040K, used 10214K [0x000000076b180000, 0x000000077b880000, 0x00000007c0000000)
  eden space 204800K, 0% used [0x000000076b180000,0x000000076b180000,0x0000000777980000)
  from space 10240K, 99% used [0x0000000777980000,0x0000000778379ae8,0x0000000778380000)
  to   space 13312K, 0% used [0x000000077ab80000,0x000000077ab80000,0x000000077b880000)
 ParOldGen       total 163840K, used 22065K [0x00000006c1400000, 0x00000006cb400000, 0x000000076b180000)
  object space 163840K, 13% used [0x00000006c1400000,0x00000006c298c788,0x00000006cb400000)
 Metaspace       used 45593K, capacity 47378K, committed 47704K, reserved 1091584K
  class space    used 5832K, capacity 6159K, committed 6272K, reserved 1048576K
}
Event: 22.063 GC heap before
{Heap before GC invocations=14 (full 2):
 PSYoungGen      total 215040K, used 215014K [0x000000076b180000, 0x000000077b880000, 0x00000007c0000000)
  eden space 204800K, 100% used [0x000000076b180000,0x0000000777980000,0x0000000777980000)
  from space 10240K, 99% used [0x0000000777980000,0x0000000778379ae8,0x0000000778380000)
  to   space 13312K, 0% used [0x000000077ab80000,0x000000077ab80000,0x000000077b880000)
 ParOldGen       total 163840K, used 22065K [0x00000006c1400000, 0x00000006cb400000, 0x000000076b180000)
  object space 163840K, 13% used [0x00000006c1400000,0x00000006c298c788,0x00000006cb400000)
 Metaspace       used 48090K, capacity 50250K, committed 50392K, reserved 1093632K
  class space    used 6186K, capacity 6565K, committed 6656K, reserved 1048576K
Event: 22.086 GC heap after
Heap after GC invocations=14 (full 2):
 PSYoungGen      total 254976K, used 12052K [0x000000076b180000, 0x000000077c400000, 0x00000007c0000000)
  eden space 241664K, 0% used [0x000000076b180000,0x000000076b180000,0x0000000779d80000)
  from space 13312K, 90% used [0x000000077ab80000,0x000000077b745310,0x000000077b880000)
  to   space 14336K, 0% used [0x0000000779d80000,0x0000000779d80000,0x000000077ab80000)
 ParOldGen       total 163840K, used 25593K [0x00000006c1400000, 0x00000006cb400000, 0x000000076b180000)
  object space 163840K, 15% used [0x00000006c1400000,0x00000006c2cfe7e8,0x00000006cb400000)
 Metaspace       used 48090K, capacity 50250K, committed 50392K, reserved 1093632K
  class space    used 6186K, capacity 6565K, committed 6656K, reserved 1048576K
}
Event: 24.608 GC heap before
{Heap before GC invocations=15 (full 2):
 PSYoungGen      total 254976K, used 145399K [0x000000076b180000, 0x000000077c400000, 0x00000007c0000000)
  eden space 241664K, 55% used [0x000000076b180000,0x00000007733b89d8,0x0000000779d80000)
  from space 13312K, 90% used [0x000000077ab80000,0x000000077b745310,0x000000077b880000)
  to   space 14336K, 0% used [0x0000000779d80000,0x0000000779d80000,0x000000077ab80000)
 ParOldGen       total 163840K, used 25593K [0x00000006c1400000, 0x00000006cb400000, 0x000000076b180000)
  object space 163840K, 15% used [0x00000006c1400000,0x00000006c2cfe7e8,0x00000006cb400000)
 Metaspace       used 56606K, capacity 58784K, committed 59028K, reserved 1101824K
  class space    used 7264K, capacity 7668K, committed 7680K, reserved 1048576K
Event: 24.636 GC heap after
Heap after GC invocations=15 (full 2):
 PSYoungGen      total 256000K, used 14321K [0x000000076b180000, 0x000000077f900000, 0x00000007c0000000)
  eden space 241664K, 0% used [0x000000076b180000,0x000000076b180000,0x0000000779d80000)
  from space 14336K, 99% used [0x0000000779d80000,0x000000077ab7c550,0x000000077ab80000)
  to   space 17408K, 0% used [0x000000077e800000,0x000000077e800000,0x000000077f900000)
 ParOldGen       total 163840K, used 29850K [0x00000006c1400000, 0x00000006cb400000, 0x000000076b180000)
  object space 163840K, 18% used [0x00000006c1400000,0x00000006c3126b20,0x00000006cb400000)
 Metaspace       used 56606K, capacity 58784K, committed 59028K, reserved 1101824K
  class space    used 7264K, capacity 7668K, committed 7680K, reserved 1048576K
}
Event: 24.636 GC heap before
{Heap before GC invocations=16 (full 3):
 PSYoungGen      total 256000K, used 14321K [0x000000076b180000, 0x000000077f900000, 0x00000007c0000000)
  eden space 241664K, 0% used [0x000000076b180000,0x000000076b180000,0x0000000779d80000)
  from space 14336K, 99% used [0x0000000779d80000,0x000000077ab7c550,0x000000077ab80000)
  to   space 17408K, 0% used [0x000000077e800000,0x000000077e800000,0x000000077f900000)
 ParOldGen       total 163840K, used 29850K [0x00000006c1400000, 0x00000006cb400000, 0x000000076b180000)
  object space 163840K, 18% used [0x00000006c1400000,0x00000006c3126b20,0x00000006cb400000)
 Metaspace       used 56606K, capacity 58784K, committed 59028K, reserved 1101824K
  class space    used 7264K, capacity 7668K, committed 7680K, reserved 1048576K
Event: 25.033 GC heap after
Heap after GC invocations=16 (full 3):
 PSYoungGen      total 256000K, used 0K [0x000000076b180000, 0x000000077f900000, 0x00000007c0000000)
  eden space 241664K, 0% used [0x000000076b180000,0x000000076b180000,0x0000000779d80000)
  from space 14336K, 0% used [0x0000000779d80000,0x0000000779d80000,0x000000077ab80000)
  to   space 17408K, 0% used [0x000000077e800000,0x000000077e800000,0x000000077f900000)
 ParOldGen       total 163840K, used 36675K [0x00000006c1400000, 0x00000006cb400000, 0x000000076b180000)
  object space 163840K, 22% used [0x00000006c1400000,0x00000006c37d0d40,0x00000006cb400000)
 Metaspace       used 56606K, capacity 58784K, committed 59028K, reserved 1101824K
  class space    used 7264K, capacity 7668K, committed 7680K, reserved 1048576K
}
Event: 29.950 GC heap before
{Heap before GC invocations=17 (full 3):
 PSYoungGen      total 256000K, used 241664K [0x000000076b180000, 0x000000077f900000, 0x00000007c0000000)
  eden space 241664K, 100% used [0x000000076b180000,0x0000000779d80000,0x0000000779d80000)
  from space 14336K, 0% used [0x0000000779d80000,0x0000000779d80000,0x000000077ab80000)
  to   space 17408K, 0% used [0x000000077e800000,0x000000077e800000,0x000000077f900000)
 ParOldGen       total 163840K, used 36675K [0x00000006c1400000, 0x00000006cb400000, 0x000000076b180000)
  object space 163840K, 22% used [0x00000006c1400000,0x00000006c37d0d40,0x00000006cb400000)
 Metaspace       used 66315K, capacity 68866K, committed 69080K, reserved 1110016K
  class space    used 8721K, capacity 9169K, committed 9216K, reserved 1048576K
Event: 29.980 GC heap after
Heap after GC invocations=17 (full 3):
 PSYoungGen      total 299520K, used 13360K [0x000000076b180000, 0x000000077f580000, 0x00000007c0000000)
  eden space 285696K, 0% used [0x000000076b180000,0x000000076b180000,0x000000077c880000)
  from space 13824K, 96% used [0x000000077e800000,0x000000077f50c380,0x000000077f580000)
  to   space 17920K, 0% used [0x000000077d280000,0x000000077d280000,0x000000077e400000)
 ParOldGen       total 163840K, used 36683K [0x00000006c1400000, 0x00000006cb400000, 0x000000076b180000)
  object space 163840K, 22% used [0x00000006c1400000,0x00000006c37d2d40,0x00000006cb400000)
 Metaspace       used 66315K, capacity 68866K, committed 69080K, reserved 1110016K
  class space    used 8721K, capacity 9169K, committed 9216K, reserved 1048576K
}

Deoptimization events (10 events):
Event: 29.473 Thread 0x0000000005556000 Uncommon trap: reason=class_check action=maybe_recompile pc=0x0000000006b16f20 method=org.springframework.beans.factory.support.AbstractBeanFactory.isTypeMatch(Ljava/lang/String;Lorg/springframework/core/ResolvableType;)Z @ 47
Event: 29.628 Thread 0x0000000005556000 Uncommon trap: reason=bimorphic action=maybe_recompile pc=0x0000000006d666c8 method=org.springframework.core.annotation.AnnotatedElementUtils.searchWithFindSemantics(Ljava/lang/reflect/AnnotatedElement;Ljava/lang/Class;Ljava/lang/String;Ljava/lang/Class;L
Event: 29.629 Thread 0x0000000005556000 Uncommon trap: reason=bimorphic action=maybe_recompile pc=0x0000000006d666c8 method=org.springframework.core.annotation.AnnotatedElementUtils.searchWithFindSemantics(Ljava/lang/reflect/AnnotatedElement;Ljava/lang/Class;Ljava/lang/String;Ljava/lang/Class;L
Event: 29.630 Thread 0x0000000005556000 Uncommon trap: reason=bimorphic action=maybe_recompile pc=0x0000000006d666c8 method=org.springframework.core.annotation.AnnotatedElementUtils.searchWithFindSemantics(Ljava/lang/reflect/AnnotatedElement;Ljava/lang/Class;Ljava/lang/String;Ljava/lang/Class;L
Event: 29.631 Thread 0x0000000005556000 Uncommon trap: reason=bimorphic action=maybe_recompile pc=0x0000000006d666c8 method=org.springframework.core.annotation.AnnotatedElementUtils.searchWithFindSemantics(Ljava/lang/reflect/AnnotatedElement;Ljava/lang/Class;Ljava/lang/String;Ljava/lang/Class;L
Event: 29.644 Thread 0x0000000005556000 Uncommon trap: reason=class_check action=maybe_recompile pc=0x000000000653093c method=java.util.HashMap.computeIfAbsent(Ljava/lang/Object;Ljava/util/function/Function;)Ljava/lang/Object; @ 188
Event: 29.644 Thread 0x0000000005556000 Uncommon trap: reason=class_check action=maybe_recompile pc=0x000000000653093c method=java.util.HashMap.computeIfAbsent(Ljava/lang/Object;Ljava/util/function/Function;)Ljava/lang/Object; @ 188
Event: 29.645 Thread 0x0000000005556000 Uncommon trap: reason=class_check action=maybe_recompile pc=0x000000000653093c method=java.util.HashMap.computeIfAbsent(Ljava/lang/Object;Ljava/util/function/Function;)Ljava/lang/Object; @ 188
Event: 29.645 Thread 0x0000000005556000 Uncommon trap: reason=class_check action=maybe_recompile pc=0x000000000653093c method=java.util.HashMap.computeIfAbsent(Ljava/lang/Object;Ljava/util/function/Function;)Ljava/lang/Object; @ 188
Event: 29.652 Thread 0x0000000005556000 Uncommon trap: reason=null_check action=make_not_entrant pc=0x0000000006e15734 method=java.lang.Class.getGenericSuperclass()Ljava/lang/reflect/Type; @ 10

Classes redefined (0 events):
No events

Internal exceptions (10 events):
Event: 29.945 Thread 0x0000000005556000 Exception <a 'java/lang/ClassNotFoundException': com/haiyisec/oa/inventorymanager/domain/model/po/inventorymanage/InventoryStatisticsBeanInfo> (0x0000000779d0c448) thrown at [C:\jenkins\workspace\zulu8-silver-build-win64\zulu-src\hotspot\src\share\vm\clas
Event: 29.948 Thread 0x0000000005556000 Exception <a 'java/lang/ClassNotFoundException': com/haiyisec/oa/inventorymanager/domain/model/po/inventorymanage/InventoryStatisticsCustomizer> (0x0000000779d4ed38) thrown at [C:\jenkins\workspace\zulu8-silver-build-win64\zulu-src\hotspot\src\share\vm\cl
Event: 30.003 Thread 0x0000000005556000 Exception <a 'java/lang/ClassNotFoundException': org/zen/modules/sysmngr/domain/model/po/sysuser/UserExtendPOBeanInfo> (0x000000076b43d9e0) thrown at [C:\jenkins\workspace\zulu8-silver-build-win64\zulu-src\hotspot\src\share\vm\classfile\systemDictionary.c
Event: 30.006 Thread 0x0000000005556000 Exception <a 'java/lang/ClassNotFoundException': org/zen/modules/sysmngr/domain/model/po/sysuser/UserExtendPOCustomizer> (0x000000076b473540) thrown at [C:\jenkins\workspace\zulu8-silver-build-win64\zulu-src\hotspot\src\share\vm\classfile\systemDictionary
Event: 30.023 Thread 0x0000000005556000 Exception <a 'java/lang/ClassNotFoundException': com/haiyisec/oa/inventorymanager/domain/model/po/inventorymanage/InStoreBeanInfo> (0x000000076b590388) thrown at [C:\jenkins\workspace\zulu8-silver-build-win64\zulu-src\hotspot\src\share\vm\classfile\system
Event: 30.026 Thread 0x0000000005556000 Exception <a 'java/lang/ClassNotFoundException': com/haiyisec/oa/inventorymanager/domain/model/po/inventorymanage/InStoreCustomizer> (0x000000076b5cbc78) thrown at [C:\jenkins\workspace\zulu8-silver-build-win64\zulu-src\hotspot\src\share\vm\classfile\syst
Event: 30.050 Thread 0x0000000005556000 Exception <a 'java/lang/ClassNotFoundException': org/zen/modules/fileupload/domain/model/po/FileUploadBeanInfo> (0x000000076b72da50) thrown at [C:\jenkins\workspace\zulu8-silver-build-win64\zulu-src\hotspot\src\share\vm\classfile\systemDictionary.cpp, lin
Event: 30.053 Thread 0x0000000005556000 Exception <a 'java/lang/ClassNotFoundException': org/zen/modules/fileupload/domain/model/po/FileUploadCustomizer> (0x000000076b75fd58) thrown at [C:\jenkins\workspace\zulu8-silver-build-win64\zulu-src\hotspot\src\share\vm\classfile\systemDictionary.cpp, l
Event: 30.072 Thread 0x0000000005556000 Exception <a 'java/lang/ClassNotFoundException': org/zen/modules/sysmngr/domain/model/po/sysrole/ZenSysUserRoleBeanInfo> (0x000000076b889fa8) thrown at [C:\jenkins\workspace\zulu8-silver-build-win64\zulu-src\hotspot\src\share\vm\classfile\systemDictionary
Event: 30.075 Thread 0x0000000005556000 Exception <a 'java/lang/ClassNotFoundException': org/zen/modules/sysmngr/domain/model/po/sysrole/ZenSysUserRoleCustomizer> (0x000000076b8c1130) thrown at [C:\jenkins\workspace\zulu8-silver-build-win64\zulu-src\hotspot\src\share\vm\classfile\systemDictiona

Events (10 events):
Event: 30.236 Thread 0x0000000005556000 DEOPT PACKING pc=0x0000000006d5eb74 sp=0x00000000055496c0
Event: 30.236 Thread 0x0000000005556000 DEOPT UNPACKING pc=0x00000000057976d0 sp=0x00000000055494e0 mode 1
Event: 30.236 Thread 0x0000000005556000 DEOPT PACKING pc=0x0000000006d5e90c sp=0x0000000005549850
Event: 30.236 Thread 0x0000000005556000 DEOPT UNPACKING pc=0x00000000057976d0 sp=0x0000000005549670 mode 1
Event: 30.237 loading class org/hibernate/internal/SessionImpl$4
Event: 30.237 loading class org/hibernate/internal/SessionImpl$4 done
Event: 30.238 Thread 0x0000000005556000 DEOPT PACKING pc=0x0000000006d5eb74 sp=0x00000000055496c0
Event: 30.238 Thread 0x0000000005556000 DEOPT UNPACKING pc=0x00000000057976d0 sp=0x00000000055494e0 mode 1
Event: 30.238 Thread 0x0000000005556000 DEOPT PACKING pc=0x0000000006d5e90c sp=0x0000000005549850
Event: 30.238 Thread 0x0000000005556000 DEOPT UNPACKING pc=0x00000000057976d0 sp=0x0000000005549670 mode 1


Dynamic libraries:
0x00007ff6f4d40000 - 0x00007ff6f4d75000 	H:\jdk_open8\zulu8.48.0.53-ca-jdk8.0.265-win_x64\bin\java.exe
0x00007ffd555c0000 - 0x00007ffd557a0000 	C:\WINDOWS\SYSTEM32\ntdll.dll
0x00007ffd53a80000 - 0x00007ffd53b2e000 	C:\WINDOWS\System32\KERNEL32.DLL
0x00007ffd52300000 - 0x00007ffd52566000 	C:\WINDOWS\System32\KERNELBASE.dll
0x00007ffd53160000 - 0x00007ffd53201000 	C:\WINDOWS\System32\ADVAPI32.dll
0x00007ffd539e0000 - 0x00007ffd53a7d000 	C:\WINDOWS\System32\msvcrt.dll
0x00007ffd53470000 - 0x00007ffd534cb000 	C:\WINDOWS\System32\sechost.dll
0x00007ffd53b40000 - 0x00007ffd53c5f000 	C:\WINDOWS\System32\RPCRT4.dll
0x00007ffd55400000 - 0x00007ffd5558f000 	C:\WINDOWS\System32\USER32.dll
0x00007ffd52000000 - 0x00007ffd52020000 	C:\WINDOWS\System32\win32u.dll
0x00007ffd52a30000 - 0x00007ffd52a58000 	C:\WINDOWS\System32\GDI32.dll
0x00007ffd52740000 - 0x00007ffd528d3000 	C:\WINDOWS\System32\gdi32full.dll
0x00007ffd526a0000 - 0x00007ffd5273b000 	C:\WINDOWS\System32\msvcp_win.dll
0x00007ffd52200000 - 0x00007ffd522f5000 	C:\WINDOWS\System32\ucrtbase.dll
0x00007ffd44f60000 - 0x00007ffd451c9000 	C:\WINDOWS\WinSxS\amd64_microsoft.windows.common-controls_6595b64144ccf1df_6.0.16299.847_none_15cddd1e93602b6a\COMCTL32.dll
0x00007ffd53500000 - 0x00007ffd53806000 	C:\WINDOWS\System32\combase.dll
0x00007ffd525c0000 - 0x00007ffd52632000 	C:\WINDOWS\System32\bcryptPrimitives.dll
0x00007ffd534d0000 - 0x00007ffd534fd000 	C:\WINDOWS\System32\IMM32.DLL
0x000000005b670000 - 0x000000005b742000 	H:\jdk_open8\zulu8.48.0.53-ca-jdk8.0.265-win_x64\jre\bin\msvcr100.dll
0x000000005adb0000 - 0x000000005b66c000 	H:\jdk_open8\zulu8.48.0.53-ca-jdk8.0.265-win_x64\jre\bin\server\jvm.dll
0x00007ffd51720000 - 0x00007ffd51743000 	C:\WINDOWS\System32\WINMM.dll
0x00007ffd51640000 - 0x00007ffd5166a000 	C:\WINDOWS\System32\WINMMBASE.dll
0x00007ffd516d0000 - 0x00007ffd5171a000 	C:\WINDOWS\System32\cfgmgr32.dll
0x00007ffd53150000 - 0x00007ffd53158000 	C:\WINDOWS\System32\PSAPI.DLL
0x00007ffd419e0000 - 0x00007ffd419e9000 	C:\WINDOWS\SYSTEM32\WSOCK32.dll
0x00007ffd55120000 - 0x00007ffd5518c000 	C:\WINDOWS\System32\WS2_32.dll
0x00007ffd51120000 - 0x00007ffd5112a000 	C:\WINDOWS\SYSTEM32\VERSION.dll
0x00007ffd4dda0000 - 0x00007ffd4ddaf000 	H:\jdk_open8\zulu8.48.0.53-ca-jdk8.0.265-win_x64\jre\bin\verify.dll
0x00007ffd4a0b0000 - 0x00007ffd4a0d9000 	H:\jdk_open8\zulu8.48.0.53-ca-jdk8.0.265-win_x64\jre\bin\java.dll
0x00007ffd33560000 - 0x00007ffd33595000 	H:\jdk_open8\zulu8.48.0.53-ca-jdk8.0.265-win_x64\jre\bin\jdwp.dll
0x00007ffd4d610000 - 0x00007ffd4d618000 	H:\jdk_open8\zulu8.48.0.53-ca-jdk8.0.265-win_x64\jre\bin\npt.dll
0x00007ffd334d0000 - 0x00007ffd334f3000 	H:\jdk_open8\zulu8.48.0.53-ca-jdk8.0.265-win_x64\jre\bin\instrument.dll
0x00007ffd4a090000 - 0x00007ffd4a0a6000 	H:\jdk_open8\zulu8.48.0.53-ca-jdk8.0.265-win_x64\jre\bin\zip.dll
0x00007ffd53ce0000 - 0x00007ffd55118000 	C:\WINDOWS\System32\SHELL32.dll
0x00007ffd53210000 - 0x00007ffd532b6000 	C:\WINDOWS\System32\shcore.dll
0x00007ffd51800000 - 0x00007ffd51f47000 	C:\WINDOWS\System32\windows.storage.dll
0x00007ffd53810000 - 0x00007ffd53861000 	C:\WINDOWS\System32\shlwapi.dll
0x00007ffd51690000 - 0x00007ffd516a1000 	C:\WINDOWS\System32\kernel.appcore.dll
0x00007ffd52570000 - 0x00007ffd525bc000 	C:\WINDOWS\System32\powrprof.dll
0x00007ffd516b0000 - 0x00007ffd516cb000 	C:\WINDOWS\System32\profapi.dll
0x00007ffd4a080000 - 0x00007ffd4a089000 	H:\jdk_open8\zulu8.48.0.53-ca-jdk8.0.265-win_x64\jre\bin\dt_socket.dll
0x00007ffd3fda0000 - 0x00007ffd3ff1b000 	C:\Program Files (x86)\Sangfor\SSL\ClientComponent\SangforTcpX64.dll
0x00007ffd528e0000 - 0x00007ffd52a29000 	C:\WINDOWS\System32\ole32.dll
0x00007ffd55190000 - 0x00007ffd55255000 	C:\WINDOWS\System32\OLEAUT32.dll
0x00007ffd52640000 - 0x00007ffd52698000 	C:\WINDOWS\System32\WINTRUST.dll
0x00007ffd51670000 - 0x00007ffd51682000 	C:\WINDOWS\System32\MSASN1.dll
0x00007ffd52030000 - 0x00007ffd521fe000 	C:\WINDOWS\System32\CRYPT32.dll
0x00007ffd50e40000 - 0x00007ffd50ea6000 	C:\WINDOWS\system32\mswsock.dll
0x00007ffd33830000 - 0x00007ffd3384a000 	H:\jdk_open8\zulu8.48.0.53-ca-jdk8.0.265-win_x64\jre\bin\net.dll
0x0000000022b50000 - 0x0000000023aa6000 	C:\WINDOWS\system32\networkdlllspx64.dll
0x00007ffd506e0000 - 0x00007ffd50711000 	C:\WINDOWS\SYSTEM32\ntmarta.dll
0x00007ffd3ffe0000 - 0x00007ffd3ffea000 	C:\WINDOWS\system32\wshqos.dll
0x00007ffd3ffb0000 - 0x00007ffd3ffb8000 	C:\WINDOWS\SYSTEM32\wshtcpip.DLL
0x00007ffd3ff20000 - 0x00007ffd3ff28000 	C:\WINDOWS\SYSTEM32\wship6.dll
0x00007ffd51000000 - 0x00007ffd51017000 	C:\WINDOWS\SYSTEM32\CRYPTSP.dll
0x00007ffd50a40000 - 0x00007ffd50a73000 	C:\WINDOWS\system32\rsaenh.dll
0x00007ffd51130000 - 0x00007ffd51155000 	C:\WINDOWS\SYSTEM32\bcrypt.dll
0x00007ffd51570000 - 0x00007ffd51599000 	C:\WINDOWS\SYSTEM32\USERENV.dll
0x00007ffd51020000 - 0x00007ffd5102b000 	C:\WINDOWS\SYSTEM32\CRYPTBASE.dll
0x00007ffd50bd0000 - 0x00007ffd50c09000 	C:\WINDOWS\SYSTEM32\IPHLPAPI.DLL
0x00007ffd53b30000 - 0x00007ffd53b38000 	C:\WINDOWS\System32\NSI.dll
0x00007ffd4c970000 - 0x00007ffd4c986000 	C:\WINDOWS\SYSTEM32\dhcpcsvc6.DLL
0x00007ffd4bd30000 - 0x00007ffd4bd4a000 	C:\WINDOWS\SYSTEM32\dhcpcsvc.DLL
0x00007ffd337d0000 - 0x00007ffd337e1000 	H:\jdk_open8\zulu8.48.0.53-ca-jdk8.0.265-win_x64\jre\bin\nio.dll
0x00007ffd4a070000 - 0x00007ffd4a07d000 	H:\jdk_open8\zulu8.48.0.53-ca-jdk8.0.265-win_x64\jre\bin\management.dll
0x00007ffd24b70000 - 0x00007ffd24b9f000 	C:\Program Files (x86)\Sangfor\SSL\ClientComponent\SangforNspX64.dll
0x00007ffd24b50000 - 0x00007ffd24b66000 	C:\WINDOWS\system32\napinsp.dll
0x00007ffd24b30000 - 0x00007ffd24b4a000 	C:\WINDOWS\system32\pnrpnsp.dll
0x00007ffd4e690000 - 0x00007ffd4e6a8000 	C:\WINDOWS\system32\NLAapi.dll
0x00007ffd24f60000 - 0x00007ffd24f6e000 	C:\WINDOWS\System32\winrnr.dll
0x00007ffd50c10000 - 0x00007ffd50cc6000 	C:\WINDOWS\SYSTEM32\DNSAPI.dll
0x00007ffd24f70000 - 0x00007ffd24f85000 	C:\WINDOWS\System32\wshbth.dll
0x00007ffd4ad60000 - 0x00007ffd4ad6a000 	C:\Windows\System32\rasadhlp.dll
0x00007ffd4a2c0000 - 0x00007ffd4a330000 	C:\WINDOWS\System32\fwpuclnt.dll
0x0000000180000000 - 0x000000018020f000 	D:\apache-tomcat-8.5.29\bin\tcnative-1.dll
0x00007ffd31c90000 - 0x00007ffd31cb4000 	H:\jdk_open8\zulu8.48.0.53-ca-jdk8.0.265-win_x64\jre\bin\sunec.dll
0x00007ffd49a10000 - 0x00007ffd49a1c000 	H:\jdk_open8\zulu8.48.0.53-ca-jdk8.0.265-win_x64\jre\bin\sunmscapi.dll
0x00007ffd510e0000 - 0x00007ffd51106000 	C:\WINDOWS\SYSTEM32\ncrypt.dll
0x00007ffd510a0000 - 0x00007ffd510d6000 	C:\WINDOWS\SYSTEM32\NTASN1.dll

VM Arguments:
jvm_args: -agentlib:jdwp=transport=dt_socket,address=127.0.0.1:59060,suspend=y,server=n -Dvisualvm.id=4065317661090370 -ea -Didea.test.cyclic.buffer.size=1048576 -javaagent:C:\Users\Machenike\.IntelliJIdea2018.1\system\groovyHotSwap\gragent.jar -javaagent:C:\Users\Machenike\AppData\Local\Temp\capturejars\debugger-agent.jar=file:/C:/Users/Machenike/AppData/Local/Temp/capture.props -Dfile.encoding=UTF-8 
java_command: org.testng.RemoteTestNGStarter -usedefaultlisteners false -socket59059 @w@C:\Users\Machenike\AppData\Local\Temp\idea_working_dirs_testng.tmp -temp C:\Users\Machenike\AppData\Local\Temp\idea_testng.tmp
java_class_path (initial): E:\IntelliJ IDEA 2018.1.6\lib\idea_rt.jar;E:\IntelliJ IDEA 2018.1.6\plugins\testng\lib\testng-plugin.jar;H:\jdk_open8\zulu8.48.0.53-ca-jdk8.0.265-win_x64\jre\lib\charsets.jar;H:\jdk_open8\zulu8.48.0.53-ca-jdk8.0.265-win_x64\jre\lib\ext\access-bridge-64.jar;H:\jdk_open8\zulu8.48.0.53-ca-jdk8.0.265-win_x64\jre\lib\ext\cldrdata.jar;H:\jdk_open8\zulu8.48.0.53-ca-jdk8.0.265-win_x64\jre\lib\ext\dnsns.jar;H:\jdk_open8\zulu8.48.0.53-ca-jdk8.0.265-win_x64\jre\lib\ext\jaccess.jar;H:\jdk_open8\zulu8.48.0.53-ca-jdk8.0.265-win_x64\jre\lib\ext\legacy8ujsse.jar;H:\jdk_open8\zulu8.48.0.53-ca-jdk8.0.265-win_x64\jre\lib\ext\localedata.jar;H:\jdk_open8\zulu8.48.0.53-ca-jdk8.0.265-win_x64\jre\lib\ext\nashorn.jar;H:\jdk_open8\zulu8.48.0.53-ca-jdk8.0.265-win_x64\jre\lib\ext\openjsse.jar;H:\jdk_open8\zulu8.48.0.53-ca-jdk8.0.265-win_x64\jre\lib\ext\sunec.jar;H:\jdk_open8\zulu8.48.0.53-ca-jdk8.0.265-win_x64\jre\lib\ext\sunjce_provider.jar;H:\jdk_open8\zulu8.48.0.53-ca-jdk8.0.265-win_x64\jre\lib\ext\sunmscapi.jar;H:\jdk_open8\zulu8.48.0.53-ca-jdk8.0.265-win_x64\jre\lib\ext\sunpkcs11.jar;H:\jdk_open8\zulu8.48.0.53-ca-jdk8.0.265-win_x64\jre\lib\ext\zipfs.jar;H:\jdk_open8\zulu8.48.0.53-ca-jdk8.0.265-win_x64\jre\lib\jce.jar;H:\jdk_open8\zulu8.48.0.53-ca-jdk8.0.265-win_x64\jre\lib\jfr.jar;H:\jdk_open8\zulu8.48.0.53-ca-jdk8.0.265-win_x64\jre\lib\jsse.jar;H:\jdk_open8\zulu8.48.0.53-ca-jdk8.0.265-win_x64\jre\lib\management-agent.jar;H:\jdk_open8\zulu8.48.0.53-ca-jdk8.0.265-win_x64\jre\lib\resources.jar;H:\jdk_open8\zulu8.48.0.53-ca-jdk8.0.265-win_x64\jre\lib\rt.jar;H:\后端OA\app\p_Inventory\out\test\classes;H:\后端OA\app\p_App\out\testFixtures\resources;H:\后端OA\app\p_App\out\production\classes;H:\后端OA\app\p_App\out\production\resources;H:\后端OA\app\p_Inventory\out\production\classes;H:\后端OA\app\p_Usermgr\out\production\classes;H:\后端OA\app\p_AppComm\out\production\classes;H:\后端OA\frame\f_frame\libs\dependencies\accessors-smart-1.2.jar;H:\后端OA\frame\f_frame\li
Launcher Type: SUN_STANDARD

Environment Variables:
JAVA_HOME=C:\jdk1.8.0_161
CLASSPATH=C:\jdk1.8.0_161\lib\dt.jar;C:\jdk1.8.0_161\lib\tools.jar
PATH=G:\;C:\ProgramData\Oracle\Java\javapath;C:\Windows\system32;C:\Windows;C:\Windows\System32\Wbem;C:\Windows\System32\WindowsPowerShell\v1.0\;C:\Program Files (x86)\NVIDIA Corporation\PhysX\Common;C:\Program Files\Intel\WiFi\bin\;C:\Program Files\Common Files\Intel\WirelessCommon\;C:\WINDOWS\system32;C:\WINDOWS;C:\WINDOWS\System32\Wbem;C:\WINDOWS\System32\WindowsPowerShell\v1.0\;C:\Program Files (x86)\Microsoft SQL Server\110\DTS\Binn\;C:\Program Files (x86)\Microsoft SQL Server\110\Tools\Binn\;C:\jdk1.8.0_161\bin;C:\jdk1.8.0_161\jre\bin;D:\apache-tomcat-8.5.29\bin;C:\Program Files (x86)\apache-maven-3.5.3\bin;F:\nodejs\;F:\android-sdk-windows\platform-tools;C:\Program Files\TortoiseSVN\bin;D:\git\Git\cmd;C:\Program Files\TortoiseGit\bin;C:\mongodb\Server\3.2\bin;E:\php5.6;E:\php5.6\ext;E:\bin;H:\spark\bin;C:\Program Files (x86)\scala\\bin;H:\hadoop-common-2.7.1-bin\bin;C:\Program Files\NVIDIA Corporation\NVIDIA NvDLISR;C:\Program Files\erl7.1\bin;H:\mysql-5.7.20-winx64\bin;C:\Users\Machenike\AppData\Roaming\npm;C:\Users\Machenike\AppData\Roaming\npm\node_modules\@vue\cli-init\node_modules\.bin;E:\Python35\Scripts\;E:\Python35\;C:\Users\Machenike\Anaconda3;C:\Users\Machenike\Anaconda3\Library\mingw-w64\bin;C:\Users\Machenike\Anaconda3\Library\usr\bin;C:\Users\Machenike\Anaconda3\Library\bin;C:\Users\Machenike\Anaconda3\Scripts;C:\Program Files\Intel\WiFi\bin\;C:\Program Files\Common Files\Intel\WirelessCommon\;C:\Users\Machenike\AppData\Local\Microsoft\WindowsApps;C:\Users\Machenike\AppData\Roaming\npm;D:\apache-tomcat-8.5.29\bin;F:\nodejs\node_global;C:\Users\Machenike\AppData\Local\atom\bin;H:\spark\bin;C:\Program Files\JetBrains\IntelliJ IDEA 2019.3.1\bin;;E:\WebStorm 2020.1.3\bin;;H:\Microsoft VS Code\bin;
USERNAME=Machenike
OS=Windows_NT
PROCESSOR_IDENTIFIER=Intel64 Family 6 Model 94 Stepping 3, GenuineIntel



---------------  S Y S T E M  ---------------

OS: Windows 10.0 , 64 bit Build 16299 (10.0.16299.431)

CPU:total 8 (initial active 8) (4 cores per cpu, 2 threads per core) family 6 model 94 stepping 3, cmov, cx8, fxsr, mmx, sse, sse2, sse3, ssse3, sse4.1, sse4.2, popcnt, avx, avx2, aes, clmul, erms, rtm, 3dnowpref, lzcnt, ht, tsc, tscinvbit, bmi1, bmi2, adx

Memory: 4k page, physical 16690832k(2608372k free), swap 16690832k(7308k free)

vm_info: OpenJDK 64-Bit Server VM (25.265-b11) for windows-amd64 JRE (Zulu 8.48.0.53-CA-win64) (1.8.0_265-b11), built on Jul 28 2020 03:18:21 by "tester" with MS VC++ 10.0 (VS2010)

time: Tue Dec 08 17:45:44 2020
timezone: 中国标准时间
elapsed time: 30 seconds (0d 0h 0m 30s)

