#
# There is insufficient memory for the Java Runtime Environment to continue.
# Native memory allocation (malloc) failed to allocate 3071056 bytes for Chunk::new
# Possible reasons:
#   The system is out of physical RAM or swap space
#   The process is running with CompressedOops enabled, and the Java Heap may be blocking the growth of the native heap
# Possible solutions:
#   Reduce memory load on the system
#   Increase physical memory or swap space
#   Check if swap backing store is full
#   Decrease Java heap size (-Xmx/-Xms)
#   Decrease number of Java threads
#   Decrease Java thread stack sizes (-Xss)
#   Set larger code cache with -XX:ReservedCodeCacheSize=
#   JVM is running with Zero Based Compressed Oops mode in which the Java heap is
#     placed in the first 32GB address space. The Java Heap base address is the
#     maximum limit for the native heap growth. Please use -XX:HeapBaseMinAddress
#     to set the Java Heap base and to place the Java Heap above 32GB virtual address.
# This output file may be truncated or incomplete.
#
#  Out of Memory Error (allocation.cpp:389), pid=1376, tid=0x00000000000039f8
#
# JRE version: OpenJDK Runtime Environment (Zulu 8.48.0.53-CA-win64) (8.0_265-b11) (build 1.8.0_265-b11)
# Java VM: OpenJDK 64-Bit Server VM (25.265-b11 mixed mode windows-amd64 compressed oops)
# Failed to write core dump. Minidumps are not enabled by default on client versions of Windows
#

---------------  T H R E A D  ---------------

Current thread (0x0000000020650000):  JavaThread "C2 CompilerThread2" daemon [_thread_in_native, id=14840, stack(0x0000000021280000,0x0000000021380000)]

Stack: [0x0000000021280000,0x0000000021380000]
[error occurred during error reporting (printing stack bounds), id 0xc0000005]

Native frames: (J=compiled Java code, j=interpreted, Vv=VM code, C=native code)


Current CompileTask:
C2:  13840 3575       4       org.springframework.core.annotation.AnnotationUtils::adaptValue (182 bytes)


---------------  P R O C E S S  ---------------

Java Threads: ( => current thread )
  0x000000002428c800 JavaThread "logback-1" daemon [_thread_blocked, id=1232, stack(0x0000000025510000,0x0000000025610000)]
  0x000000002154d800 JavaThread "Service Thread" daemon [_thread_blocked, id=1456, stack(0x0000000021c80000,0x0000000021d80000)]
  0x0000000020650800 JavaThread "C1 CompilerThread3" daemon [_thread_blocked, id=5908, stack(0x0000000021380000,0x0000000021480000)]
=>0x0000000020650000 JavaThread "C2 CompilerThread2" daemon [_thread_in_native, id=14840, stack(0x0000000021280000,0x0000000021380000)]
  0x000000002064f000 JavaThread "C2 CompilerThread1" daemon [_thread_in_native, id=6640, stack(0x0000000021180000,0x0000000021280000)]
  0x000000002064e800 JavaThread "C2 CompilerThread0" daemon [_thread_in_native, id=17232, stack(0x0000000021080000,0x0000000021180000)]
  0x0000000020375000 JavaThread "JDWP Command Reader" daemon [_thread_in_native, id=10584, stack(0x0000000020f80000,0x0000000021080000)]
  0x0000000020374000 JavaThread "JDWP Event Helper Thread" daemon [_thread_blocked, id=15224, stack(0x0000000020e80000,0x0000000020f80000)]
  0x0000000020362000 JavaThread "JDWP Transport Listener: dt_socket" daemon [_thread_blocked, id=16480, stack(0x0000000020d80000,0x0000000020e80000)]
  0x0000000020305000 JavaThread "Attach Listener" daemon [_thread_blocked, id=18396, stack(0x0000000020b20000,0x0000000020c20000)]
  0x0000000020358000 JavaThread "Signal Dispatcher" daemon [_thread_blocked, id=17180, stack(0x0000000020a20000,0x0000000020b20000)]
  0x00000000202e1800 JavaThread "Finalizer" daemon [_thread_blocked, id=16632, stack(0x00000000207c0000,0x00000000208c0000)]
  0x00000000202e0800 JavaThread "Reference Handler" daemon [_thread_blocked, id=10228, stack(0x00000000206c0000,0x00000000207c0000)]
  0x0000000004836000 JavaThread "main" [_thread_in_Java, id=8360, stack(0x0000000004730000,0x0000000004830000)]

Other Threads:
  0x000000001e4d7000 VMThread [stack: 0x00000000201c0000,0x00000000202c0000] [id=10072]
  0x000000002154e800 WatcherThread [stack: 0x0000000021d80000,0x0000000021e80000] [id=1292]

VM state:not at safepoint (normal execution)

VM Mutex/Monitor currently owned by a thread: None

heap address: 0x00000006c1400000, size: 4076 MB, Compressed Oops mode: Zero based, Oop shift amount: 3
Narrow klass base: 0x0000000000000000, Narrow klass shift: 3
Compressed class space size: 1073741824 Address: 0x00000007c0000000

Heap:
 PSYoungGen      total 171520K, used 50835K [0x000000076b180000, 0x0000000779980000, 0x00000007c0000000)
  eden space 161280K, 31% used [0x000000076b180000,0x000000076e324fa8,0x0000000774f00000)
  from space 10240K, 0% used [0x0000000774f00000,0x0000000774f00000,0x0000000775900000)
  to   space 10752K, 0% used [0x0000000778f00000,0x0000000778f00000,0x0000000779980000)
 ParOldGen       total 99328K, used 16874K [0x00000006c1400000, 0x00000006c7500000, 0x000000076b180000)
  object space 99328K, 16% used [0x00000006c1400000,0x00000006c247a890,0x00000006c7500000)
 Metaspace       used 36533K, capacity 37728K, committed 37848K, reserved 1081344K
  class space    used 4727K, capacity 4992K, committed 5080K, reserved 1048576K

Card table byte_map: [0x0000000013e40000,0x0000000014640000] byte_map_base: 0x0000000010836000

Marking Bits: (ParMarkBitMap*) 0x000000005b28aa30
 Begin Bits: [0x0000000015390000, 0x0000000019340000)
 End Bits:   [0x0000000019340000, 0x000000001d2f0000)

Polling page: 0x00000000025c0000

CodeCache: size=245760Kb used=13622Kb max_used=13636Kb free=232137Kb
 bounds [0x0000000004a80000, 0x00000000057e0000, 0x0000000013a80000]
 total_blobs=3945 nmethods=3510 adapters=354
 compilation: enabled

Compilation events (10 events):
Event: 13.706 Thread 0x0000000020650800 nmethod 3723 0x0000000004e73750 code [0x0000000004e73900, 0x0000000004e73e38]
Event: 13.706 Thread 0x0000000020650800 3724       3       org.reflections.adapters.JavassistAdapter::getFieldName (9 bytes)
Event: 13.707 Thread 0x0000000020650800 nmethod 3724 0x0000000005133250 code [0x0000000005133400, 0x0000000005133ba8]
Event: 13.707 Thread 0x0000000020650800 3726       3       javassist.bytecode.ExceptionTable::<init> (91 bytes)
Event: 13.709 Thread 0x0000000020650800 nmethod 3726 0x0000000005131a50 code [0x0000000005131c80, 0x0000000005132a48]
Event: 13.709 Thread 0x0000000020650800 3727       3       org.reflections.adapters.JavassistAdapter::getMethodAnnotationNames (9 bytes)
Event: 13.709 Thread 0x0000000020650800 nmethod 3727 0x00000000051c02d0 code [0x00000000051c0440, 0x00000000051c06c8]
Event: 13.709 Thread 0x0000000020650800 3728       3       org.reflections.adapters.JavassistAdapter::getMethodAnnotationNames (43 bytes)
Event: 13.710 Thread 0x0000000020650800 nmethod 3728 0x00000000051219d0 code [0x0000000005121ba0, 0x00000000051223a8]
Event: 13.710 Thread 0x0000000020650800 3729       3       javassist.bytecode.Descriptor$Iterator::next (155 bytes)

GC Heap History (10 events):
Event: 8.351 GC heap before
{Heap before GC invocations=7 (full 1):
 PSYoungGen      total 76288K, used 71224K [0x000000076b180000, 0x0000000772680000, 0x00000007c0000000)
  eden space 65536K, 99% used [0x000000076b180000,0x000000076f17fe98,0x000000076f180000)
  from space 10752K, 52% used [0x000000076f180000,0x000000076f70e538,0x000000076fc00000)
  to   space 8192K, 0% used [0x0000000771e80000,0x0000000771e80000,0x0000000772680000)
 ParOldGen       total 99328K, used 6878K [0x00000006c1400000, 0x00000006c7500000, 0x000000076b180000)
  object space 99328K, 6% used [0x00000006c1400000,0x00000006c1ab7928,0x00000006c7500000)
 Metaspace       used 29230K, capacity 30026K, committed 30336K, reserved 1075200K
  class space    used 3703K, capacity 3885K, committed 3968K, reserved 1048576K
Event: 8.363 GC heap after
Heap after GC invocations=7 (full 1):
 PSYoungGen      total 111616K, used 5228K [0x000000076b180000, 0x0000000772780000, 0x00000007c0000000)
  eden space 103424K, 0% used [0x000000076b180000,0x000000076b180000,0x0000000771680000)
  from space 8192K, 63% used [0x0000000771e80000,0x000000077239b140,0x0000000772680000)
  to   space 8192K, 0% used [0x0000000771680000,0x0000000771680000,0x0000000771e80000)
 ParOldGen       total 99328K, used 6886K [0x00000006c1400000, 0x00000006c7500000, 0x000000076b180000)
  object space 99328K, 6% used [0x00000006c1400000,0x00000006c1ab9928,0x00000006c7500000)
 Metaspace       used 29230K, capacity 30026K, committed 30336K, reserved 1075200K
  class space    used 3703K, capacity 3885K, committed 3968K, reserved 1048576K
}
Event: 9.765 GC heap before
{Heap before GC invocations=8 (full 1):
 PSYoungGen      total 111616K, used 108652K [0x000000076b180000, 0x0000000772780000, 0x00000007c0000000)
  eden space 103424K, 100% used [0x000000076b180000,0x0000000771680000,0x0000000771680000)
  from space 8192K, 63% used [0x0000000771e80000,0x000000077239b140,0x0000000772680000)
  to   space 8192K, 0% used [0x0000000771680000,0x0000000771680000,0x0000000771e80000)
 ParOldGen       total 99328K, used 6886K [0x00000006c1400000, 0x00000006c7500000, 0x000000076b180000)
  object space 99328K, 6% used [0x00000006c1400000,0x00000006c1ab9928,0x00000006c7500000)
 Metaspace       used 30457K, capacity 31294K, committed 31488K, reserved 1077248K
  class space    used 3850K, capacity 4057K, committed 4096K, reserved 1048576K
Event: 9.779 GC heap after
Heap after GC invocations=8 (full 1):
 PSYoungGen      total 111616K, used 7835K [0x000000076b180000, 0x0000000776200000, 0x00000007c0000000)
  eden space 103424K, 0% used [0x000000076b180000,0x000000076b180000,0x0000000771680000)
  from space 8192K, 95% used [0x0000000771680000,0x0000000771e26f78,0x0000000771e80000)
  to   space 8704K, 0% used [0x0000000775980000,0x0000000775980000,0x0000000776200000)
 ParOldGen       total 99328K, used 6894K [0x00000006c1400000, 0x00000006c7500000, 0x000000076b180000)
  object space 99328K, 6% used [0x00000006c1400000,0x00000006c1abb928,0x00000006c7500000)
 Metaspace       used 30457K, capacity 31294K, committed 31488K, reserved 1077248K
  class space    used 3850K, capacity 4057K, committed 4096K, reserved 1048576K
}
Event: 11.352 GC heap before
{Heap before GC invocations=9 (full 1):
 PSYoungGen      total 111616K, used 111259K [0x000000076b180000, 0x0000000776200000, 0x00000007c0000000)
  eden space 103424K, 100% used [0x000000076b180000,0x0000000771680000,0x0000000771680000)
  from space 8192K, 95% used [0x0000000771680000,0x0000000771e26f78,0x0000000771e80000)
  to   space 8704K, 0% used [0x0000000775980000,0x0000000775980000,0x0000000776200000)
 ParOldGen       total 99328K, used 6894K [0x00000006c1400000, 0x00000006c7500000, 0x000000076b180000)
  object space 99328K, 6% used [0x00000006c1400000,0x00000006c1abb928,0x00000006c7500000)
 Metaspace       used 32034K, capacity 33146K, committed 33280K, reserved 1079296K
  class space    used 4091K, capacity 4313K, committed 4352K, reserved 1048576K
Event: 11.365 GC heap after
Heap after GC invocations=9 (full 1):
 PSYoungGen      total 169984K, used 8682K [0x000000076b180000, 0x0000000776300000, 0x00000007c0000000)
  eden space 161280K, 0% used [0x000000076b180000,0x000000076b180000,0x0000000774f00000)
  from space 8704K, 99% used [0x0000000775980000,0x00000007761faa40,0x0000000776200000)
  to   space 10240K, 0% used [0x0000000774f00000,0x0000000774f00000,0x0000000775900000)
 ParOldGen       total 99328K, used 8847K [0x00000006c1400000, 0x00000006c7500000, 0x000000076b180000)
  object space 99328K, 8% used [0x00000006c1400000,0x00000006c1ca3cf8,0x00000006c7500000)
 Metaspace       used 32034K, capacity 33146K, committed 33280K, reserved 1079296K
  class space    used 4091K, capacity 4313K, committed 4352K, reserved 1048576K
}
Event: 12.738 GC heap before
{Heap before GC invocations=10 (full 1):
 PSYoungGen      total 169984K, used 106827K [0x000000076b180000, 0x0000000776300000, 0x00000007c0000000)
  eden space 161280K, 60% used [0x000000076b180000,0x0000000771158220,0x0000000774f00000)
  from space 8704K, 99% used [0x0000000775980000,0x00000007761faa40,0x0000000776200000)
  to   space 10240K, 0% used [0x0000000774f00000,0x0000000774f00000,0x0000000775900000)
 ParOldGen       total 99328K, used 8847K [0x00000006c1400000, 0x00000006c7500000, 0x000000076b180000)
  object space 99328K, 8% used [0x00000006c1400000,0x00000006c1ca3cf8,0x00000006c7500000)
 Metaspace       used 34171K, capacity 35328K, committed 35416K, reserved 1079296K
  class space    used 4418K, capacity 4640K, committed 4696K, reserved 1048576K
Event: 12.754 GC heap after
Heap after GC invocations=10 (full 1):
 PSYoungGen      total 171520K, used 8872K [0x000000076b180000, 0x0000000779980000, 0x00000007c0000000)
  eden space 161280K, 0% used [0x000000076b180000,0x000000076b180000,0x0000000774f00000)
  from space 10240K, 86% used [0x0000000774f00000,0x00000007757aa2f0,0x0000000775900000)
  to   space 10752K, 0% used [0x0000000778f00000,0x0000000778f00000,0x0000000779980000)
 ParOldGen       total 99328K, used 11766K [0x00000006c1400000, 0x00000006c7500000, 0x000000076b180000)
  object space 99328K, 11% used [0x00000006c1400000,0x00000006c1f7dbf8,0x00000006c7500000)
 Metaspace       used 34171K, capacity 35328K, committed 35416K, reserved 1079296K
  class space    used 4418K, capacity 4640K, committed 4696K, reserved 1048576K
}
Event: 12.754 GC heap before
{Heap before GC invocations=11 (full 2):
 PSYoungGen      total 171520K, used 8872K [0x000000076b180000, 0x0000000779980000, 0x00000007c0000000)
  eden space 161280K, 0% used [0x000000076b180000,0x000000076b180000,0x0000000774f00000)
  from space 10240K, 86% used [0x0000000774f00000,0x00000007757aa2f0,0x0000000775900000)
  to   space 10752K, 0% used [0x0000000778f00000,0x0000000778f00000,0x0000000779980000)
 ParOldGen       total 99328K, used 11766K [0x00000006c1400000, 0x00000006c7500000, 0x000000076b180000)
  object space 99328K, 11% used [0x00000006c1400000,0x00000006c1f7dbf8,0x00000006c7500000)
 Metaspace       used 34171K, capacity 35328K, committed 35416K, reserved 1079296K
  class space    used 4418K, capacity 4640K, committed 4696K, reserved 1048576K
Event: 12.858 GC heap after
Heap after GC invocations=11 (full 2):
 PSYoungGen      total 171520K, used 0K [0x000000076b180000, 0x0000000779980000, 0x00000007c0000000)
  eden space 161280K, 0% used [0x000000076b180000,0x000000076b180000,0x0000000774f00000)
  from space 10240K, 0% used [0x0000000774f00000,0x0000000774f00000,0x0000000775900000)
  to   space 10752K, 0% used [0x0000000778f00000,0x0000000778f00000,0x0000000779980000)
 ParOldGen       total 99328K, used 16874K [0x00000006c1400000, 0x00000006c7500000, 0x000000076b180000)
  object space 99328K, 16% used [0x00000006c1400000,0x00000006c247a890,0x00000006c7500000)
 Metaspace       used 34171K, capacity 35328K, committed 35416K, reserved 1079296K
  class space    used 4418K, capacity 4640K, committed 4696K, reserved 1048576K
}

Deoptimization events (10 events):
Event: 13.288 Thread 0x0000000004836000 Uncommon trap: reason=unstable_if action=reinterpret pc=0x0000000004ffc658 method=org.springframework.asm.MethodVisitor.visitInsn(I)V @ 4
Event: 13.288 Thread 0x0000000004836000 Uncommon trap: reason=unstable_if action=reinterpret pc=0x0000000004f5e0e0 method=org.springframework.asm.MethodVisitor.visitMethodInsn(ILjava/lang/String;Ljava/lang/String;Ljava/lang/String;Z)V @ 50
Event: 13.403 Thread 0x0000000004836000 Uncommon trap: reason=unstable_if action=reinterpret pc=0x0000000004e7b888 method=java.lang.String.lastIndexOf([CII[CIII)I @ 118
Event: 13.403 Thread 0x0000000004836000 Uncommon trap: reason=unstable_if action=reinterpret pc=0x0000000005216898 method=java.net.URL.<init>(Ljava/net/URL;Ljava/lang/String;Ljava/net/URLStreamHandler;)V @ 233
Event: 13.468 Thread 0x0000000004836000 Uncommon trap: reason=bimorphic action=maybe_recompile pc=0x00000000055a128c method=java.util.regex.Pattern$Slice.match(Ljava/util/regex/Matcher;ILjava/lang/CharSequence;)Z @ 75
Event: 13.502 Thread 0x0000000004836000 Uncommon trap: reason=unstable_if action=reinterpret pc=0x000000000521d7a4 method=java.io.DataInputStream.readUTF(Ljava/io/DataInput;)Ljava/lang/String; @ 31
Event: 13.545 Thread 0x0000000004836000 Uncommon trap: reason=bimorphic action=maybe_recompile pc=0x00000000055a128c method=java.util.regex.Pattern$Slice.match(Ljava/util/regex/Matcher;ILjava/lang/CharSequence;)Z @ 75
Event: 13.552 Thread 0x0000000004836000 Uncommon trap: reason=bimorphic action=maybe_recompile pc=0x00000000055a128c method=java.util.regex.Pattern$Slice.match(Ljava/util/regex/Matcher;ILjava/lang/CharSequence;)Z @ 75
Event: 13.578 Thread 0x0000000004836000 Uncommon trap: reason=bimorphic action=maybe_recompile pc=0x00000000055a128c method=java.util.regex.Pattern$Slice.match(Ljava/util/regex/Matcher;ILjava/lang/CharSequence;)Z @ 75
Event: 13.617 Thread 0x0000000004836000 Uncommon trap: reason=class_check action=maybe_recompile pc=0x00000000056e5eec method=java.util.HashMap$KeySet.contains(Ljava/lang/Object;)Z @ 5

Classes redefined (0 events):
No events

Internal exceptions (10 events):
Event: 7.915 Thread 0x0000000004836000 Exception <a 'java/lang/ClassNotFoundException': org/springframework/core/PriorityOrderedCustomizer> (0x000000076cfec3c8) thrown at [C:\jenkins\workspace\zulu8-silver-build-win64\zulu-src\hotspot\src\share\vm\classfile\systemDictionary.cpp, line 215]
Event: 7.918 Thread 0x0000000004836000 Exception <a 'java/lang/ClassNotFoundException': org/springframework/context/ResourceLoaderAwareCustomizer> (0x000000076d01b240) thrown at [C:\jenkins\workspace\zulu8-silver-build-win64\zulu-src\hotspot\src\share\vm\classfile\systemDictionary.cpp, line 21
Event: 7.921 Thread 0x0000000004836000 Exception <a 'java/lang/ClassNotFoundException': org/springframework/beans/factory/BeanClassLoaderAwareCustomizer> (0x000000076d0efd18) thrown at [C:\jenkins\workspace\zulu8-silver-build-win64\zulu-src\hotspot\src\share\vm\classfile\systemDictionary.cpp, 
Event: 7.925 Thread 0x0000000004836000 Exception <a 'java/lang/ClassNotFoundException': org/springframework/context/EnvironmentAwareCustomizer> (0x000000076d11e668) thrown at [C:\jenkins\workspace\zulu8-silver-build-win64\zulu-src\hotspot\src\share\vm\classfile\systemDictionary.cpp, line 215]
Event: 9.985 Thread 0x0000000004836000 Implicit null exception at 0x0000000005158d44 to 0x000000000515a381
Event: 9.986 Thread 0x0000000004836000 Exception <a 'java/security/PrivilegedActionException'> (0x000000076bedb6f8) thrown at [C:\jenkins\workspace\zulu8-silver-build-win64\zulu-src\hotspot\src\share\vm\prims\jvm.cpp, line 1518]
Event: 9.986 Thread 0x0000000004836000 Exception <a 'java/security/PrivilegedActionException'> (0x000000076bedbcd8) thrown at [C:\jenkins\workspace\zulu8-silver-build-win64\zulu-src\hotspot\src\share\vm\prims\jvm.cpp, line 1518]
Event: 11.502 Thread 0x0000000004836000 Exception <a 'java/lang/NoSuchMethodError': java.lang.Object.lambda$of$0([Ljava/lang/Object;)Ljava/util/Iterator;> (0x000000076be32938) thrown at [C:\jenkins\workspace\zulu8-silver-build-win64\zulu-src\hotspot\src\share\vm\interpreter\linkResolver.cpp, li
Event: 13.665 Thread 0x0000000004836000 Exception <a 'java/security/PrivilegedActionException'> (0x000000076d67dc60) thrown at [C:\jenkins\workspace\zulu8-silver-build-win64\zulu-src\hotspot\src\share\vm\prims\jvm.cpp, line 1518]
Event: 13.665 Thread 0x0000000004836000 Exception <a 'java/security/PrivilegedActionException'> (0x000000076d67e240) thrown at [C:\jenkins\workspace\zulu8-silver-build-win64\zulu-src\hotspot\src\share\vm\prims\jvm.cpp, line 1518]

Events (10 events):
Event: 13.660 loading class com/google/common/collect/AbstractMapBasedMultimap$WrappedCollection$WrappedIterator
Event: 13.660 loading class com/google/common/collect/AbstractMapBasedMultimap$WrappedCollection$WrappedIterator done
Event: 13.662 loading class org/zen/frame/base/domain/annotation/query/Zen_Query
Event: 13.662 loading class org/zen/frame/base/domain/annotation/query/Zen_Query done
Event: 13.663 loading class org/zen/frame/base/domain/annotation/pojo/Zen_Field
Event: 13.663 loading class org/zen/frame/base/domain/annotation/pojo/Zen_Field done
Event: 13.665 Thread 0x0000000004836000 DEOPT PACKING pc=0x0000000004cf1334 sp=0x000000000482a390
Event: 13.665 Thread 0x0000000004836000 DEOPT UNPACKING pc=0x0000000004ac76d0 sp=0x000000000482a0a8 mode 1
Event: 13.665 Thread 0x0000000004836000 DEOPT PACKING pc=0x000000000561cfdc sp=0x000000000482b0a0
Event: 13.665 Thread 0x0000000004836000 DEOPT UNPACKING pc=0x0000000004ac76d0 sp=0x000000000482add8 mode 1


Dynamic libraries:
0x00007ff63a010000 - 0x00007ff63a045000 	H:\jdk_open8\zulu8.48.0.53-ca-jdk8.0.265-win_x64\bin\java.exe
0x00007ffd555c0000 - 0x00007ffd557a0000 	C:\WINDOWS\SYSTEM32\ntdll.dll
0x00007ffd53a80000 - 0x00007ffd53b2e000 	C:\WINDOWS\System32\KERNEL32.DLL
0x00007ffd52300000 - 0x00007ffd52566000 	C:\WINDOWS\System32\KERNELBASE.dll
0x00007ffd53160000 - 0x00007ffd53201000 	C:\WINDOWS\System32\ADVAPI32.dll
0x00007ffd539e0000 - 0x00007ffd53a7d000 	C:\WINDOWS\System32\msvcrt.dll
0x00007ffd53470000 - 0x00007ffd534cb000 	C:\WINDOWS\System32\sechost.dll
0x00007ffd53b40000 - 0x00007ffd53c5f000 	C:\WINDOWS\System32\RPCRT4.dll
0x00007ffd55400000 - 0x00007ffd5558f000 	C:\WINDOWS\System32\USER32.dll
0x00007ffd52000000 - 0x00007ffd52020000 	C:\WINDOWS\System32\win32u.dll
0x00007ffd52a30000 - 0x00007ffd52a58000 	C:\WINDOWS\System32\GDI32.dll
0x00007ffd52740000 - 0x00007ffd528d3000 	C:\WINDOWS\System32\gdi32full.dll
0x00007ffd526a0000 - 0x00007ffd5273b000 	C:\WINDOWS\System32\msvcp_win.dll
0x00007ffd52200000 - 0x00007ffd522f5000 	C:\WINDOWS\System32\ucrtbase.dll
0x00007ffd44f60000 - 0x00007ffd451c9000 	C:\WINDOWS\WinSxS\amd64_microsoft.windows.common-controls_6595b64144ccf1df_6.0.16299.847_none_15cddd1e93602b6a\COMCTL32.dll
0x00007ffd53500000 - 0x00007ffd53806000 	C:\WINDOWS\System32\combase.dll
0x00007ffd525c0000 - 0x00007ffd52632000 	C:\WINDOWS\System32\bcryptPrimitives.dll
0x00007ffd534d0000 - 0x00007ffd534fd000 	C:\WINDOWS\System32\IMM32.DLL
0x000000005bec0000 - 0x000000005bf92000 	H:\jdk_open8\zulu8.48.0.53-ca-jdk8.0.265-win_x64\jre\bin\msvcr100.dll
0x000000005aa50000 - 0x000000005b30c000 	H:\jdk_open8\zulu8.48.0.53-ca-jdk8.0.265-win_x64\jre\bin\server\jvm.dll
0x00007ffd51720000 - 0x00007ffd51743000 	C:\WINDOWS\System32\WINMM.dll
0x00007ffd51640000 - 0x00007ffd5166a000 	C:\WINDOWS\System32\WINMMBASE.dll
0x00007ffd516d0000 - 0x00007ffd5171a000 	C:\WINDOWS\System32\cfgmgr32.dll
0x00007ffd53150000 - 0x00007ffd53158000 	C:\WINDOWS\System32\PSAPI.DLL
0x00007ffd419e0000 - 0x00007ffd419e9000 	C:\WINDOWS\SYSTEM32\WSOCK32.dll
0x00007ffd55120000 - 0x00007ffd5518c000 	C:\WINDOWS\System32\WS2_32.dll
0x00007ffd51120000 - 0x00007ffd5112a000 	C:\WINDOWS\SYSTEM32\VERSION.dll
0x00007ffd4e260000 - 0x00007ffd4e26f000 	H:\jdk_open8\zulu8.48.0.53-ca-jdk8.0.265-win_x64\jre\bin\verify.dll
0x00007ffd4c8f0000 - 0x00007ffd4c919000 	H:\jdk_open8\zulu8.48.0.53-ca-jdk8.0.265-win_x64\jre\bin\java.dll
0x00007ffd46d20000 - 0x00007ffd46d55000 	H:\jdk_open8\zulu8.48.0.53-ca-jdk8.0.265-win_x64\jre\bin\jdwp.dll
0x00007ffd4c8e0000 - 0x00007ffd4c8e8000 	H:\jdk_open8\zulu8.48.0.53-ca-jdk8.0.265-win_x64\jre\bin\npt.dll
0x00007ffd4b4b0000 - 0x00007ffd4b4d3000 	H:\jdk_open8\zulu8.48.0.53-ca-jdk8.0.265-win_x64\jre\bin\instrument.dll
0x00007ffd4d5c0000 - 0x00007ffd4d5d6000 	H:\jdk_open8\zulu8.48.0.53-ca-jdk8.0.265-win_x64\jre\bin\zip.dll
0x00007ffd53ce0000 - 0x00007ffd55118000 	C:\WINDOWS\System32\SHELL32.dll
0x00007ffd53210000 - 0x00007ffd532b6000 	C:\WINDOWS\System32\shcore.dll
0x00007ffd51800000 - 0x00007ffd51f47000 	C:\WINDOWS\System32\windows.storage.dll
0x00007ffd53810000 - 0x00007ffd53861000 	C:\WINDOWS\System32\shlwapi.dll
0x00007ffd51690000 - 0x00007ffd516a1000 	C:\WINDOWS\System32\kernel.appcore.dll
0x00007ffd52570000 - 0x00007ffd525bc000 	C:\WINDOWS\System32\powrprof.dll
0x00007ffd516b0000 - 0x00007ffd516cb000 	C:\WINDOWS\System32\profapi.dll
0x00007ffd4c750000 - 0x00007ffd4c759000 	H:\jdk_open8\zulu8.48.0.53-ca-jdk8.0.265-win_x64\jre\bin\dt_socket.dll
0x00007ffd3fda0000 - 0x00007ffd3ff1b000 	C:\Program Files (x86)\Sangfor\SSL\ClientComponent\SangforTcpX64.dll
0x00007ffd528e0000 - 0x00007ffd52a29000 	C:\WINDOWS\System32\ole32.dll
0x00007ffd55190000 - 0x00007ffd55255000 	C:\WINDOWS\System32\OLEAUT32.dll
0x00007ffd52640000 - 0x00007ffd52698000 	C:\WINDOWS\System32\WINTRUST.dll
0x00007ffd51670000 - 0x00007ffd51682000 	C:\WINDOWS\System32\MSASN1.dll
0x00007ffd52030000 - 0x00007ffd521fe000 	C:\WINDOWS\System32\CRYPT32.dll
0x00007ffd50e40000 - 0x00007ffd50ea6000 	C:\WINDOWS\system32\mswsock.dll
0x00007ffd49da0000 - 0x00007ffd49dba000 	H:\jdk_open8\zulu8.48.0.53-ca-jdk8.0.265-win_x64\jre\bin\net.dll
0x0000000021e80000 - 0x0000000022dd6000 	C:\WINDOWS\system32\networkdlllspx64.dll
0x00007ffd506e0000 - 0x00007ffd50711000 	C:\WINDOWS\SYSTEM32\ntmarta.dll
0x00007ffd3ffe0000 - 0x00007ffd3ffea000 	C:\WINDOWS\system32\wshqos.dll
0x00007ffd3ffb0000 - 0x00007ffd3ffb8000 	C:\WINDOWS\SYSTEM32\wshtcpip.DLL
0x00007ffd3ff20000 - 0x00007ffd3ff28000 	C:\WINDOWS\SYSTEM32\wship6.dll
0x00007ffd51000000 - 0x00007ffd51017000 	C:\WINDOWS\SYSTEM32\CRYPTSP.dll
0x00007ffd50a40000 - 0x00007ffd50a73000 	C:\WINDOWS\system32\rsaenh.dll
0x00007ffd51130000 - 0x00007ffd51155000 	C:\WINDOWS\SYSTEM32\bcrypt.dll
0x00007ffd51570000 - 0x00007ffd51599000 	C:\WINDOWS\SYSTEM32\USERENV.dll
0x00007ffd51020000 - 0x00007ffd5102b000 	C:\WINDOWS\SYSTEM32\CRYPTBASE.dll
0x00007ffd50bd0000 - 0x00007ffd50c09000 	C:\WINDOWS\SYSTEM32\IPHLPAPI.DLL
0x00007ffd53b30000 - 0x00007ffd53b38000 	C:\WINDOWS\System32\NSI.dll
0x00007ffd4c970000 - 0x00007ffd4c986000 	C:\WINDOWS\SYSTEM32\dhcpcsvc6.DLL
0x00007ffd4bd30000 - 0x00007ffd4bd4a000 	C:\WINDOWS\SYSTEM32\dhcpcsvc.DLL
0x00007ffd487a0000 - 0x00007ffd487b1000 	H:\jdk_open8\zulu8.48.0.53-ca-jdk8.0.265-win_x64\jre\bin\nio.dll
0x00007ffd4c740000 - 0x00007ffd4c74d000 	H:\jdk_open8\zulu8.48.0.53-ca-jdk8.0.265-win_x64\jre\bin\management.dll
0x00007ffd24b70000 - 0x00007ffd24b9f000 	C:\Program Files (x86)\Sangfor\SSL\ClientComponent\SangforNspX64.dll
0x00007ffd24b50000 - 0x00007ffd24b66000 	C:\WINDOWS\system32\napinsp.dll
0x00007ffd24b30000 - 0x00007ffd24b4a000 	C:\WINDOWS\system32\pnrpnsp.dll
0x00007ffd4e690000 - 0x00007ffd4e6a8000 	C:\WINDOWS\system32\NLAapi.dll
0x00007ffd24f60000 - 0x00007ffd24f6e000 	C:\WINDOWS\System32\winrnr.dll
0x00007ffd50c10000 - 0x00007ffd50cc6000 	C:\WINDOWS\SYSTEM32\DNSAPI.dll
0x00007ffd24f70000 - 0x00007ffd24f85000 	C:\WINDOWS\System32\wshbth.dll
0x00007ffd4ad60000 - 0x00007ffd4ad6a000 	C:\Windows\System32\rasadhlp.dll
0x00007ffd4a2c0000 - 0x00007ffd4a330000 	C:\WINDOWS\System32\fwpuclnt.dll

VM Arguments:
jvm_args: -agentlib:jdwp=transport=dt_socket,address=127.0.0.1:64643,suspend=y,server=n -Dvisualvm.id=4145298970246321 -ea -Didea.test.cyclic.buffer.size=1048576 -javaagent:C:\Users\Machenike\.IntelliJIdea2018.1\system\groovyHotSwap\gragent.jar -javaagent:C:\Users\Machenike\AppData\Local\Temp\capture1jars\debugger-agent.jar=file:/C:/Users/Machenike/AppData/Local/Temp/capture.props -Dfile.encoding=UTF-8 
java_command: org.testng.RemoteTestNGStarter -usedefaultlisteners false -socket64642 @w@C:\Users\Machenike\AppData\Local\Temp\idea_working_dirs_testng.tmp -temp C:\Users\Machenike\AppData\Local\Temp\idea_testng.tmp
java_class_path (initial): E:\IntelliJ IDEA 2018.1.6\lib\idea_rt.jar;E:\IntelliJ IDEA 2018.1.6\plugins\testng\lib\testng-plugin.jar;H:\jdk_open8\zulu8.48.0.53-ca-jdk8.0.265-win_x64\jre\lib\charsets.jar;H:\jdk_open8\zulu8.48.0.53-ca-jdk8.0.265-win_x64\jre\lib\ext\access-bridge-64.jar;H:\jdk_open8\zulu8.48.0.53-ca-jdk8.0.265-win_x64\jre\lib\ext\cldrdata.jar;H:\jdk_open8\zulu8.48.0.53-ca-jdk8.0.265-win_x64\jre\lib\ext\dnsns.jar;H:\jdk_open8\zulu8.48.0.53-ca-jdk8.0.265-win_x64\jre\lib\ext\jaccess.jar;H:\jdk_open8\zulu8.48.0.53-ca-jdk8.0.265-win_x64\jre\lib\ext\legacy8ujsse.jar;H:\jdk_open8\zulu8.48.0.53-ca-jdk8.0.265-win_x64\jre\lib\ext\localedata.jar;H:\jdk_open8\zulu8.48.0.53-ca-jdk8.0.265-win_x64\jre\lib\ext\nashorn.jar;H:\jdk_open8\zulu8.48.0.53-ca-jdk8.0.265-win_x64\jre\lib\ext\openjsse.jar;H:\jdk_open8\zulu8.48.0.53-ca-jdk8.0.265-win_x64\jre\lib\ext\sunec.jar;H:\jdk_open8\zulu8.48.0.53-ca-jdk8.0.265-win_x64\jre\lib\ext\sunjce_provider.jar;H:\jdk_open8\zulu8.48.0.53-ca-jdk8.0.265-win_x64\jre\lib\ext\sunmscapi.jar;H:\jdk_open8\zulu8.48.0.53-ca-jdk8.0.265-win_x64\jre\lib\ext\sunpkcs11.jar;H:\jdk_open8\zulu8.48.0.53-ca-jdk8.0.265-win_x64\jre\lib\ext\zipfs.jar;H:\jdk_open8\zulu8.48.0.53-ca-jdk8.0.265-win_x64\jre\lib\jce.jar;H:\jdk_open8\zulu8.48.0.53-ca-jdk8.0.265-win_x64\jre\lib\jfr.jar;H:\jdk_open8\zulu8.48.0.53-ca-jdk8.0.265-win_x64\jre\lib\jsse.jar;H:\jdk_open8\zulu8.48.0.53-ca-jdk8.0.265-win_x64\jre\lib\management-agent.jar;H:\jdk_open8\zulu8.48.0.53-ca-jdk8.0.265-win_x64\jre\lib\resources.jar;H:\jdk_open8\zulu8.48.0.53-ca-jdk8.0.265-win_x64\jre\lib\rt.jar;H:\后端OA\app\p_Inventory\out\test\classes;H:\后端OA\app\p_App\out\testFixtures\resources;H:\后端OA\app\p_App\out\production\classes;H:\后端OA\app\p_App\out\production\resources;H:\后端OA\app\p_Inventory\out\production\classes;H:\后端OA\app\p_Usermgr\out\production\classes;H:\后端OA\app\p_AppComm\out\production\classes;H:\后端OA\frame\f_frame\libs\dependencies\accessors-smart-1.2.jar;H:\后端OA\frame\f_frame\li
Launcher Type: SUN_STANDARD

Environment Variables:
JAVA_HOME=C:\jdk1.8.0_161
CLASSPATH=C:\jdk1.8.0_161\lib\dt.jar;C:\jdk1.8.0_161\lib\tools.jar
PATH=G:\;C:\ProgramData\Oracle\Java\javapath;C:\Windows\system32;C:\Windows;C:\Windows\System32\Wbem;C:\Windows\System32\WindowsPowerShell\v1.0\;C:\Program Files (x86)\NVIDIA Corporation\PhysX\Common;C:\Program Files\Intel\WiFi\bin\;C:\Program Files\Common Files\Intel\WirelessCommon\;C:\WINDOWS\system32;C:\WINDOWS;C:\WINDOWS\System32\Wbem;C:\WINDOWS\System32\WindowsPowerShell\v1.0\;C:\Program Files (x86)\Microsoft SQL Server\110\DTS\Binn\;C:\Program Files (x86)\Microsoft SQL Server\110\Tools\Binn\;C:\jdk1.8.0_161\bin;C:\jdk1.8.0_161\jre\bin;D:\apache-tomcat-8.5.29\bin;C:\Program Files (x86)\apache-maven-3.5.3\bin;F:\nodejs\;F:\android-sdk-windows\platform-tools;C:\Program Files\TortoiseSVN\bin;D:\git\Git\cmd;C:\Program Files\TortoiseGit\bin;C:\mongodb\Server\3.2\bin;E:\php5.6;E:\php5.6\ext;E:\bin;H:\spark\bin;C:\Program Files (x86)\scala\\bin;H:\hadoop-common-2.7.1-bin\bin;C:\Program Files\NVIDIA Corporation\NVIDIA NvDLISR;C:\Program Files\erl7.1\bin;H:\mysql-5.7.20-winx64\bin;C:\Users\Machenike\AppData\Roaming\npm;C:\Users\Machenike\AppData\Roaming\npm\node_modules\@vue\cli-init\node_modules\.bin;E:\Python35\Scripts\;E:\Python35\;C:\Users\Machenike\Anaconda3;C:\Users\Machenike\Anaconda3\Library\mingw-w64\bin;C:\Users\Machenike\Anaconda3\Library\usr\bin;C:\Users\Machenike\Anaconda3\Library\bin;C:\Users\Machenike\Anaconda3\Scripts;C:\Program Files\Intel\WiFi\bin\;C:\Program Files\Common Files\Intel\WirelessCommon\;C:\Users\Machenike\AppData\Local\Microsoft\WindowsApps;C:\Users\Machenike\AppData\Roaming\npm;D:\apache-tomcat-8.5.29\bin;F:\nodejs\node_global;C:\Users\Machenike\AppData\Local\atom\bin;H:\spark\bin;C:\Program Files\JetBrains\IntelliJ IDEA 2019.3.1\bin;;E:\WebStorm 2020.1.3\bin;;H:\Microsoft VS Code\bin;
USERNAME=Machenike
OS=Windows_NT
PROCESSOR_IDENTIFIER=Intel64 Family 6 Model 94 Stepping 3, GenuineIntel



---------------  S Y S T E M  ---------------

OS: Windows 10.0 , 64 bit Build 16299 (10.0.16299.431)

CPU:total 8 (initial active 8) (4 cores per cpu, 2 threads per core) family 6 model 94 stepping 3, cmov, cx8, fxsr, mmx, sse, sse2, sse3, ssse3, sse4.1, sse4.2, popcnt, avx, avx2, aes, clmul, erms, rtm, 3dnowpref, lzcnt, ht, tsc, tscinvbit, bmi1, bmi2, adx

Memory: 4k page, physical 16690832k(2735916k free), swap 16690832k(6016k free)

vm_info: OpenJDK 64-Bit Server VM (25.265-b11) for windows-amd64 JRE (Zulu 8.48.0.53-CA-win64) (1.8.0_265-b11), built on Jul 28 2020 03:18:21 by "tester" with MS VC++ 10.0 (VS2010)

time: Wed Dec 09 15:58:22 2020
timezone: 中国标准时间
elapsed time: 13 seconds (0d 0h 0m 13s)

