#
# There is insufficient memory for the Java Runtime Environment to continue.
# Native memory allocation (malloc) failed to allocate 32744 bytes for ChunkPool::allocate
# Possible reasons:
#   The system is out of physical RAM or swap space
#   The process is running with CompressedOops enabled, and the Java Heap may be blocking the growth of the native heap
# Possible solutions:
#   Reduce memory load on the system
#   Increase physical memory or swap space
#   Check if swap backing store is full
#   Decrease Java heap size (-Xmx/-Xms)
#   Decrease number of Java threads
#   Decrease Java thread stack sizes (-Xss)
#   Set larger code cache with -XX:ReservedCodeCacheSize=
#   JVM is running with Zero Based Compressed Oops mode in which the Java heap is
#     placed in the first 32GB address space. The Java Heap base address is the
#     maximum limit for the native heap growth. Please use -XX:HeapBaseMinAddress
#     to set the Java Heap base and to place the Java Heap above 32GB virtual address.
# This output file may be truncated or incomplete.
#
#  Out of Memory Error (allocation.cpp:272), pid=11300, tid=0x0000000000000500
#
# JRE version: OpenJDK Runtime Environment (Zulu 8.48.0.53-CA-win64) (8.0_265-b11) (build 1.8.0_265-b11)
# Java VM: OpenJDK 64-Bit Server VM (25.265-b11 mixed mode windows-amd64 compressed oops)
# Failed to write core dump. Minidumps are not enabled by default on client versions of Windows
#

---------------  T H R E A D  ---------------

Current thread (0x0000000020724800):  JavaThread "C2 CompilerThread1" daemon [_thread_in_native, id=1280, stack(0x00000000211f0000,0x00000000212f0000)]

Stack: [0x00000000211f0000,0x00000000212f0000]
[error occurred during error reporting (printing stack bounds), id 0xc0000005]

Native frames: (J=compiled Java code, j=interpreted, Vv=VM code, C=native code)


Current CompileTask:
C2:  37547 8329   !   4       org.springframework.aop.aspectj.AspectJExpressionPointcut::getTargetShadowMatch (70 bytes)


---------------  P R O C E S S  ---------------

Java Threads: ( => current thread )
  0x0000000021551000 JavaThread "HikariPool-1 housekeeper" daemon [_thread_blocked, id=17032, stack(0x000000002ea80000,0x000000002eb80000)]
  0x000000002154f800 JavaThread "container-0" [_thread_blocked, id=6684, stack(0x000000002e880000,0x000000002e980000)]
  0x0000000025903000 JavaThread "ContainerBackgroundProcessor[StandardEngine[Tomcat]]" daemon [_thread_blocked, id=7104, stack(0x000000002e780000,0x000000002e880000)]
  0x000000002c439000 JavaThread "SimplePauseDetectorThread_0" daemon [_thread_blocked, id=17904, stack(0x000000002e680000,0x000000002e780000)]
  0x000000002c64a000 JavaThread "Thread-3" daemon [_thread_blocked, id=6848, stack(0x000000002e580000,0x000000002e680000)]
  0x000000002749b000 JavaThread "Abandoned connection cleanup thread" daemon [_thread_blocked, id=7368, stack(0x000000002e480000,0x000000002e580000)]
  0x0000000025946800 JavaThread "logback-1" daemon [_thread_blocked, id=18024, stack(0x0000000026d50000,0x0000000026e50000)]
  0x0000000021610000 JavaThread "Service Thread" daemon [_thread_blocked, id=13180, stack(0x0000000021cf0000,0x0000000021df0000)]
  0x0000000020729000 JavaThread "C1 CompilerThread3" daemon [_thread_blocked, id=14244, stack(0x00000000213f0000,0x00000000214f0000)]
  0x0000000020725000 JavaThread "C2 CompilerThread2" daemon [_thread_in_native, id=13684, stack(0x00000000212f0000,0x00000000213f0000)]
=>0x0000000020724800 JavaThread "C2 CompilerThread1" daemon [_thread_in_native, id=1280, stack(0x00000000211f0000,0x00000000212f0000)]
  0x0000000020723800 JavaThread "C2 CompilerThread0" daemon [_thread_in_native, id=7884, stack(0x00000000210f0000,0x00000000211f0000)]
  0x0000000020446800 JavaThread "JDWP Command Reader" daemon [_thread_in_native, id=13296, stack(0x0000000020ff0000,0x00000000210f0000)]
  0x0000000020445800 JavaThread "JDWP Event Helper Thread" daemon [_thread_blocked, id=2120, stack(0x0000000020ef0000,0x0000000020ff0000)]
  0x0000000020433800 JavaThread "JDWP Transport Listener: dt_socket" daemon [_thread_blocked, id=11652, stack(0x0000000020df0000,0x0000000020ef0000)]
  0x00000000203d3000 JavaThread "Attach Listener" daemon [_thread_blocked, id=8576, stack(0x0000000020b90000,0x0000000020c90000)]
  0x00000000203d2000 JavaThread "Signal Dispatcher" daemon [_thread_blocked, id=2160, stack(0x0000000020a90000,0x0000000020b90000)]
  0x00000000203b0800 JavaThread "Finalizer" daemon [_thread_blocked, id=3948, stack(0x0000000020890000,0x0000000020990000)]
  0x000000001e59e800 JavaThread "Reference Handler" daemon [_thread_blocked, id=16256, stack(0x0000000020790000,0x0000000020890000)]
  0x00000000048c6000 JavaThread "main" [_thread_in_native, id=16152, stack(0x0000000004710000,0x0000000004810000)]

Other Threads:
  0x000000001e595800 VMThread [stack: 0x0000000020290000,0x0000000020390000] [id=16764]
  0x0000000021611000 WatcherThread [stack: 0x0000000021df0000,0x0000000021ef0000] [id=8872]

VM state:not at safepoint (normal execution)

VM Mutex/Monitor currently owned by a thread: None

heap address: 0x00000006c1400000, size: 4076 MB, Compressed Oops mode: Zero based, Oop shift amount: 3
Narrow klass base: 0x0000000000000000, Narrow klass shift: 3
Compressed class space size: 1073741824 Address: 0x00000007c0000000

Heap:
 PSYoungGen      total 320000K, used 62612K [0x000000076b180000, 0x0000000782300000, 0x00000007c0000000)
  eden space 301568K, 15% used [0x000000076b180000,0x000000076ddfa260,0x000000077d800000)
  from space 18432K, 92% used [0x000000077d800000,0x000000077e8aaef8,0x000000077ea00000)
  to   space 19968K, 0% used [0x0000000780f80000,0x0000000780f80000,0x0000000782300000)
 ParOldGen       total 246272K, used 36820K [0x00000006c1400000, 0x00000006d0480000, 0x000000076b180000)
  object space 246272K, 14% used [0x00000006c1400000,0x00000006c37f5048,0x00000006d0480000)
 Metaspace       used 74521K, capacity 77504K, committed 77656K, reserved 1116160K
  class space    used 9736K, capacity 10256K, committed 10368K, reserved 1048576K

Card table byte_map: [0x0000000013f00000,0x0000000014700000] byte_map_base: 0x00000000108f6000

Marking Bits: (ParMarkBitMap*) 0x000000005b5eaa30
 Begin Bits: [0x0000000015450000, 0x0000000019400000)
 End Bits:   [0x0000000019400000, 0x000000001d3b0000)

Polling page: 0x00000000001f0000

CodeCache: size=245760Kb used=29607Kb max_used=29978Kb free=216152Kb
 bounds [0x0000000004b40000, 0x00000000068b0000, 0x0000000013b40000]
 total_blobs=7811 nmethods=7197 adapters=533
 compilation: enabled

Compilation events (10 events):
Event: 37.147 Thread 0x0000000020729000 8389       2       org.springframework.core.GenericTypeResolver::getSingleGeneric (34 bytes)
Event: 37.148 Thread 0x0000000020729000 nmethod 8389 0x00000000052e6810 code [0x00000000052e69c0, 0x00000000052e6d58]
Event: 37.150 Thread 0x0000000020729000 8390       2       org.springframework.beans.factory.annotation.InitDestroyAnnotationBeanPostProcessor$LifecycleMetadata::invokeInitMethods (133 bytes)
Event: 37.152 Thread 0x0000000020729000 nmethod 8390 0x0000000005f8ec50 code [0x0000000005f8eea0, 0x0000000005f8f5a8]
Event: 37.189 Thread 0x0000000020724800 nmethod 8325 0x0000000004fbe190 code [0x0000000004fbe960, 0x0000000004fc85a0]
Event: 37.191 Thread 0x0000000020724800 8329   !   4       org.springframework.aop.aspectj.AspectJExpressionPointcut::getTargetShadowMatch (70 bytes)
Event: 37.378 Thread 0x0000000020729000 8392  s    2       java.util.Hashtable::put (104 bytes)
Event: 37.379 Thread 0x0000000020729000 nmethod 8392 0x0000000005833410 code [0x00000000058335c0, 0x0000000005833b58]
Event: 37.488 Thread 0x0000000020729000 8393       2       org.apache.commons.logging.impl.Jdk14Logger::<init> (28 bytes)
Event: 37.489 Thread 0x0000000020729000 nmethod 8393 0x0000000004e8d010 code [0x0000000004e8d180, 0x0000000004e8d3b8]

GC Heap History (10 events):
Event: 24.470 GC heap before
{Heap before GC invocations=14 (full 2):
 PSYoungGen      total 224256K, used 224250K [0x000000076b180000, 0x000000077bc80000, 0x00000007c0000000)
  eden space 214016K, 100% used [0x000000076b180000,0x0000000778280000,0x0000000778280000)
  from space 10240K, 99% used [0x0000000778280000,0x0000000778c7e9b8,0x0000000778c80000)
  to   space 13312K, 0% used [0x000000077af80000,0x000000077af80000,0x000000077bc80000)
 ParOldGen       total 163328K, used 22111K [0x00000006c1400000, 0x00000006cb380000, 0x000000076b180000)
  object space 163328K, 13% used [0x00000006c1400000,0x00000006c2997cd8,0x00000006cb380000)
 Metaspace       used 48146K, capacity 50254K, committed 50392K, reserved 1093632K
  class space    used 6193K, capacity 6565K, committed 6656K, reserved 1048576K
Event: 24.505 GC heap after
Heap after GC invocations=14 (full 2):
 PSYoungGen      total 259072K, used 12233K [0x000000076b180000, 0x000000077d180000, 0x00000007c0000000)
  eden space 245760K, 0% used [0x000000076b180000,0x000000076b180000,0x000000077a180000)
  from space 13312K, 91% used [0x000000077af80000,0x000000077bb72710,0x000000077bc80000)
  to   space 14336K, 0% used [0x000000077a180000,0x000000077a180000,0x000000077af80000)
 ParOldGen       total 163328K, used 25707K [0x00000006c1400000, 0x00000006cb380000, 0x000000076b180000)
  object space 163328K, 15% used [0x00000006c1400000,0x00000006c2d1ad48,0x00000006cb380000)
 Metaspace       used 48146K, capacity 50254K, committed 50392K, reserved 1093632K
  class space    used 6193K, capacity 6565K, committed 6656K, reserved 1048576K
}
Event: 26.972 GC heap before
{Heap before GC invocations=15 (full 2):
 PSYoungGen      total 259072K, used 139819K [0x000000076b180000, 0x000000077d180000, 0x00000007c0000000)
  eden space 245760K, 51% used [0x000000076b180000,0x0000000772e18680,0x000000077a180000)
  from space 13312K, 91% used [0x000000077af80000,0x000000077bb72710,0x000000077bc80000)
  to   space 14336K, 0% used [0x000000077a180000,0x000000077a180000,0x000000077af80000)
 ParOldGen       total 163328K, used 25707K [0x00000006c1400000, 0x00000006cb380000, 0x000000076b180000)
  object space 163328K, 15% used [0x00000006c1400000,0x00000006c2d1ad48,0x00000006cb380000)
 Metaspace       used 56692K, capacity 58852K, committed 59028K, reserved 1101824K
  class space    used 7279K, capacity 7668K, committed 7680K, reserved 1048576K
Event: 26.997 GC heap after
Heap after GC invocations=15 (full 2):
 PSYoungGen      total 260096K, used 14313K [0x000000076b180000, 0x000000077ff80000, 0x00000007c0000000)
  eden space 245760K, 0% used [0x000000076b180000,0x000000076b180000,0x000000077a180000)
  from space 14336K, 99% used [0x000000077a180000,0x000000077af7a530,0x000000077af80000)
  to   space 17408K, 0% used [0x000000077ee80000,0x000000077ee80000,0x000000077ff80000)
 ParOldGen       total 163328K, used 30002K [0x00000006c1400000, 0x00000006cb380000, 0x000000076b180000)
  object space 163328K, 18% used [0x00000006c1400000,0x00000006c314c848,0x00000006cb380000)
 Metaspace       used 56692K, capacity 58852K, committed 59028K, reserved 1101824K
  class space    used 7279K, capacity 7668K, committed 7680K, reserved 1048576K
}
Event: 26.997 GC heap before
{Heap before GC invocations=16 (full 3):
 PSYoungGen      total 260096K, used 14313K [0x000000076b180000, 0x000000077ff80000, 0x00000007c0000000)
  eden space 245760K, 0% used [0x000000076b180000,0x000000076b180000,0x000000077a180000)
  from space 14336K, 99% used [0x000000077a180000,0x000000077af7a530,0x000000077af80000)
  to   space 17408K, 0% used [0x000000077ee80000,0x000000077ee80000,0x000000077ff80000)
 ParOldGen       total 163328K, used 30002K [0x00000006c1400000, 0x00000006cb380000, 0x000000076b180000)
  object space 163328K, 18% used [0x00000006c1400000,0x00000006c314c848,0x00000006cb380000)
 Metaspace       used 56692K, capacity 58852K, committed 59028K, reserved 1101824K
  class space    used 7279K, capacity 7668K, committed 7680K, reserved 1048576K
Event: 27.449 GC heap after
Heap after GC invocations=16 (full 3):
 PSYoungGen      total 260096K, used 0K [0x000000076b180000, 0x000000077ff80000, 0x00000007c0000000)
  eden space 245760K, 0% used [0x000000076b180000,0x000000076b180000,0x000000077a180000)
  from space 14336K, 0% used [0x000000077a180000,0x000000077a180000,0x000000077af80000)
  to   space 17408K, 0% used [0x000000077ee80000,0x000000077ee80000,0x000000077ff80000)
 ParOldGen       total 246272K, used 36804K [0x00000006c1400000, 0x00000006d0480000, 0x000000076b180000)
  object space 246272K, 14% used [0x00000006c1400000,0x00000006c37f1048,0x00000006d0480000)
 Metaspace       used 56692K, capacity 58852K, committed 59028K, reserved 1101824K
  class space    used 7279K, capacity 7668K, committed 7680K, reserved 1048576K
}
Event: 32.256 GC heap before
{Heap before GC invocations=17 (full 3):
 PSYoungGen      total 260096K, used 245760K [0x000000076b180000, 0x000000077ff80000, 0x00000007c0000000)
  eden space 245760K, 100% used [0x000000076b180000,0x000000077a180000,0x000000077a180000)
  from space 14336K, 0% used [0x000000077a180000,0x000000077a180000,0x000000077af80000)
  to   space 17408K, 0% used [0x000000077ee80000,0x000000077ee80000,0x000000077ff80000)
 ParOldGen       total 246272K, used 36804K [0x00000006c1400000, 0x00000006d0480000, 0x000000076b180000)
  object space 246272K, 14% used [0x00000006c1400000,0x00000006c37f1048,0x00000006d0480000)
 Metaspace       used 66696K, capacity 69306K, committed 69336K, reserved 1110016K
  class space    used 8761K, capacity 9207K, committed 9216K, reserved 1048576K
Event: 32.280 GC heap after
Heap after GC invocations=17 (full 3):
 PSYoungGen      total 302592K, used 13755K [0x000000076b180000, 0x000000077fc00000, 0x00000007c0000000)
  eden space 288768K, 0% used [0x000000076b180000,0x000000076b180000,0x000000077cb80000)
  from space 13824K, 99% used [0x000000077ee80000,0x000000077fbeecb0,0x000000077fc00000)
  to   space 18432K, 0% used [0x000000077d800000,0x000000077d800000,0x000000077ea00000)
 ParOldGen       total 246272K, used 36812K [0x00000006c1400000, 0x00000006d0480000, 0x000000076b180000)
  object space 246272K, 14% used [0x00000006c1400000,0x00000006c37f3048,0x00000006d0480000)
 Metaspace       used 66696K, capacity 69306K, committed 69336K, reserved 1110016K
  class space    used 8761K, capacity 9207K, committed 9216K, reserved 1048576K
}
Event: 36.836 GC heap before
{Heap before GC invocations=18 (full 3):
 PSYoungGen      total 302592K, used 302523K [0x000000076b180000, 0x000000077fc00000, 0x00000007c0000000)
  eden space 288768K, 100% used [0x000000076b180000,0x000000077cb80000,0x000000077cb80000)
  from space 13824K, 99% used [0x000000077ee80000,0x000000077fbeecb0,0x000000077fc00000)
  to   space 18432K, 0% used [0x000000077d800000,0x000000077d800000,0x000000077ea00000)
 ParOldGen       total 246272K, used 36812K [0x00000006c1400000, 0x00000006d0480000, 0x000000076b180000)
  object space 246272K, 14% used [0x00000006c1400000,0x00000006c37f3048,0x00000006d0480000)
 Metaspace       used 73397K, capacity 76366K, committed 76632K, reserved 1116160K
  class space    used 9570K, capacity 10091K, committed 10112K, reserved 1048576K
Event: 36.867 GC heap after
Heap after GC invocations=18 (full 3):
 PSYoungGen      total 320000K, used 17067K [0x000000076b180000, 0x0000000782300000, 0x00000007c0000000)
  eden space 301568K, 0% used [0x000000076b180000,0x000000076b180000,0x000000077d800000)
  from space 18432K, 92% used [0x000000077d800000,0x000000077e8aaef8,0x000000077ea00000)
  to   space 19968K, 0% used [0x0000000780f80000,0x0000000780f80000,0x0000000782300000)
 ParOldGen       total 246272K, used 36820K [0x00000006c1400000, 0x00000006d0480000, 0x000000076b180000)
  object space 246272K, 14% used [0x00000006c1400000,0x00000006c37f5048,0x00000006d0480000)
 Metaspace       used 73397K, capacity 76366K, committed 76632K, reserved 1116160K
  class space    used 9570K, capacity 10091K, committed 10112K, reserved 1048576K
}

Deoptimization events (10 events):
Event: 35.881 Thread 0x00000000048c6000 Uncommon trap: reason=class_check action=maybe_recompile pc=0x0000000004d0a1f0 method=java.util.Hashtable.addEntry(ILjava/lang/Object;Ljava/lang/Object;I)V @ 38
Event: 35.909 Thread 0x00000000048c6000 Uncommon trap: reason=unstable_if action=reinterpret pc=0x00000000056819f8 method=java.util.regex.Pattern$Curly.match0(Ljava/util/regex/Matcher;IILjava/lang/CharSequence;)Z @ 5
Event: 36.094 Thread 0x00000000048c6000 Uncommon trap: reason=class_check action=maybe_recompile pc=0x0000000005791738 method=java.util.HashMap$KeySet.contains(Ljava/lang/Object;)Z @ 5
Event: 36.464 Thread 0x00000000048c6000 Uncommon trap: reason=class_check action=maybe_recompile pc=0x0000000004d0a1f0 method=java.util.Hashtable.addEntry(ILjava/lang/Object;Ljava/lang/Object;I)V @ 38
Event: 36.517 Thread 0x00000000048c6000 Uncommon trap: reason=array_check action=maybe_recompile pc=0x000000000684150c method=org.aspectj.weaver.ResolvedMemberImpl.resolve(Lorg/aspectj/weaver/World;)Lorg/aspectj/weaver/ResolvedMember; @ 139
Event: 36.517 Thread 0x00000000048c6000 Uncommon trap: reason=array_check action=maybe_recompile pc=0x000000000684150c method=org.aspectj.weaver.ResolvedMemberImpl.resolve(Lorg/aspectj/weaver/World;)Lorg/aspectj/weaver/ResolvedMember; @ 139
Event: 36.517 Thread 0x00000000048c6000 Uncommon trap: reason=array_check action=maybe_recompile pc=0x000000000684150c method=org.aspectj.weaver.ResolvedMemberImpl.resolve(Lorg/aspectj/weaver/World;)Lorg/aspectj/weaver/ResolvedMember; @ 139
Event: 36.517 Thread 0x00000000048c6000 Uncommon trap: reason=array_check action=maybe_recompile pc=0x000000000684150c method=org.aspectj.weaver.ResolvedMemberImpl.resolve(Lorg/aspectj/weaver/World;)Lorg/aspectj/weaver/ResolvedMember; @ 139
Event: 36.546 Thread 0x00000000048c6000 Uncommon trap: reason=unstable_if action=reinterpret pc=0x000000000650ee74 method=org.springframework.core.annotation.AnnotationUtils.findAnnotation(Ljava/lang/reflect/AnnotatedElement;Ljava/lang/Class;Ljava/util/Set;)Ljava/lang/annotation/Annotation; @ 8
Event: 37.190 Thread 0x00000000048c6000 Uncommon trap: reason=unstable_if action=reinterpret pc=0x000000000601e154 method=java.util.Arrays$ArrayList.indexOf(Ljava/lang/Object;)I @ 6

Classes redefined (0 events):
No events

Internal exceptions (10 events):
Event: 37.510 Thread 0x00000000048c6000 Exception <a 'java/lang/ClassNotFoundException': java/lang/ObjectCustomizer> (0x000000076d653220) thrown at [C:\jenkins\workspace\zulu8-silver-build-win64\zulu-src\hotspot\src\share\vm\classfile\systemDictionary.cpp, line 215]
Event: 37.513 Thread 0x00000000048c6000 Exception <a 'java/lang/ClassNotFoundException': org/springframework/web/filter/GenericFilterBeanCustomizer> (0x000000076d686100) thrown at [C:\jenkins\workspace\zulu8-silver-build-win64\zulu-src\hotspot\src\share\vm\classfile\systemDictionary.cpp, line 2
Event: 37.517 Thread 0x00000000048c6000 Exception <a 'java/lang/ClassNotFoundException': org/springframework/security/web/access/ExceptionTranslationFilterCustomizer> (0x000000076d6c6f18) thrown at [C:\jenkins\workspace\zulu8-silver-build-win64\zulu-src\hotspot\src\share\vm\classfile\systemDict
Event: 37.519 Thread 0x00000000048c6000 Exception <a 'java/lang/ClassNotFoundException': javax/servlet/FilterCustomizer> (0x000000076d6f6360) thrown at [C:\jenkins\workspace\zulu8-silver-build-win64\zulu-src\hotspot\src\share\vm\classfile\systemDictionary.cpp, line 215]
Event: 37.522 Thread 0x00000000048c6000 Exception <a 'java/lang/ClassNotFoundException': org/springframework/beans/factory/BeanNameAwareCustomizer> (0x000000076d726aa8) thrown at [C:\jenkins\workspace\zulu8-silver-build-win64\zulu-src\hotspot\src\share\vm\classfile\systemDictionary.cpp, line 21
Event: 37.525 Thread 0x00000000048c6000 Exception <a 'java/lang/ClassNotFoundException': org/springframework/context/EnvironmentAwareCustomizer> (0x000000076d755430) thrown at [C:\jenkins\workspace\zulu8-silver-build-win64\zulu-src\hotspot\src\share\vm\classfile\systemDictionary.cpp, line 215]
Event: 37.528 Thread 0x00000000048c6000 Exception <a 'java/lang/ClassNotFoundException': org/springframework/core/env/EnvironmentCapableCustomizer> (0x000000076d7854b0) thrown at [C:\jenkins\workspace\zulu8-silver-build-win64\zulu-src\hotspot\src\share\vm\classfile\systemDictionary.cpp, line 21
Event: 37.531 Thread 0x00000000048c6000 Exception <a 'java/lang/ClassNotFoundException': org/springframework/web/context/ServletContextAwareCustomizer> (0x000000076d7b8418) thrown at [C:\jenkins\workspace\zulu8-silver-build-win64\zulu-src\hotspot\src\share\vm\classfile\systemDictionary.cpp, lin
Event: 37.534 Thread 0x00000000048c6000 Exception <a 'java/lang/ClassNotFoundException': org/springframework/beans/factory/InitializingBeanCustomizer> (0x000000076d7ea678) thrown at [C:\jenkins\workspace\zulu8-silver-build-win64\zulu-src\hotspot\src\share\vm\classfile\systemDictionary.cpp, line
Event: 37.537 Thread 0x00000000048c6000 Exception <a 'java/lang/ClassNotFoundException': org/springframework/beans/factory/DisposableBeanCustomizer> (0x000000076d819f68) thrown at [C:\jenkins\workspace\zulu8-silver-build-win64\zulu-src\hotspot\src\share\vm\classfile\systemDictionary.cpp, line 2

Events (10 events):
Event: 37.538 Thread 0x00000000048c6000 DEOPT PACKING pc=0x0000000005c87004 sp=0x000000000480b310
Event: 37.538 Thread 0x00000000048c6000 DEOPT UNPACKING pc=0x0000000004b876d0 sp=0x000000000480b098 mode 1
Event: 37.538 Thread 0x00000000048c6000 DEOPT PACKING pc=0x0000000005c87004 sp=0x000000000480b310
Event: 37.538 Thread 0x00000000048c6000 DEOPT UNPACKING pc=0x0000000004b876d0 sp=0x000000000480b098 mode 1
Event: 37.538 Thread 0x00000000048c6000 DEOPT PACKING pc=0x0000000005c87004 sp=0x000000000480b310
Event: 37.538 Thread 0x00000000048c6000 DEOPT UNPACKING pc=0x0000000004b876d0 sp=0x000000000480b098 mode 1
Event: 37.538 Thread 0x00000000048c6000 DEOPT PACKING pc=0x0000000005c87004 sp=0x000000000480b310
Event: 37.538 Thread 0x00000000048c6000 DEOPT UNPACKING pc=0x0000000004b876d0 sp=0x000000000480b098 mode 1
Event: 37.538 Thread 0x00000000048c6000 DEOPT PACKING pc=0x0000000005c87004 sp=0x000000000480b310
Event: 37.538 Thread 0x00000000048c6000 DEOPT UNPACKING pc=0x0000000004b876d0 sp=0x000000000480b098 mode 1


Dynamic libraries:
0x00007ff604cf0000 - 0x00007ff604d25000 	H:\jdk_open8\zulu8.48.0.53-ca-jdk8.0.265-win_x64\bin\java.exe
0x00007ffd555c0000 - 0x00007ffd557a0000 	C:\WINDOWS\SYSTEM32\ntdll.dll
0x00007ffd53a80000 - 0x00007ffd53b2e000 	C:\WINDOWS\System32\KERNEL32.DLL
0x00007ffd52300000 - 0x00007ffd52566000 	C:\WINDOWS\System32\KERNELBASE.dll
0x00007ffd53160000 - 0x00007ffd53201000 	C:\WINDOWS\System32\ADVAPI32.dll
0x00007ffd539e0000 - 0x00007ffd53a7d000 	C:\WINDOWS\System32\msvcrt.dll
0x00007ffd53470000 - 0x00007ffd534cb000 	C:\WINDOWS\System32\sechost.dll
0x00007ffd53b40000 - 0x00007ffd53c5f000 	C:\WINDOWS\System32\RPCRT4.dll
0x00007ffd55400000 - 0x00007ffd5558f000 	C:\WINDOWS\System32\USER32.dll
0x00007ffd52000000 - 0x00007ffd52020000 	C:\WINDOWS\System32\win32u.dll
0x00007ffd52a30000 - 0x00007ffd52a58000 	C:\WINDOWS\System32\GDI32.dll
0x00007ffd52740000 - 0x00007ffd528d3000 	C:\WINDOWS\System32\gdi32full.dll
0x00007ffd526a0000 - 0x00007ffd5273b000 	C:\WINDOWS\System32\msvcp_win.dll
0x00007ffd52200000 - 0x00007ffd522f5000 	C:\WINDOWS\System32\ucrtbase.dll
0x00007ffd44f60000 - 0x00007ffd451c9000 	C:\WINDOWS\WinSxS\amd64_microsoft.windows.common-controls_6595b64144ccf1df_6.0.16299.847_none_15cddd1e93602b6a\COMCTL32.dll
0x00007ffd53500000 - 0x00007ffd53806000 	C:\WINDOWS\System32\combase.dll
0x00007ffd525c0000 - 0x00007ffd52632000 	C:\WINDOWS\System32\bcryptPrimitives.dll
0x00007ffd534d0000 - 0x00007ffd534fd000 	C:\WINDOWS\System32\IMM32.DLL
0x000000005b670000 - 0x000000005b742000 	H:\jdk_open8\zulu8.48.0.53-ca-jdk8.0.265-win_x64\jre\bin\msvcr100.dll
0x000000005adb0000 - 0x000000005b66c000 	H:\jdk_open8\zulu8.48.0.53-ca-jdk8.0.265-win_x64\jre\bin\server\jvm.dll
0x00007ffd51720000 - 0x00007ffd51743000 	C:\WINDOWS\System32\WINMM.dll
0x00007ffd51640000 - 0x00007ffd5166a000 	C:\WINDOWS\System32\WINMMBASE.dll
0x00007ffd516d0000 - 0x00007ffd5171a000 	C:\WINDOWS\System32\cfgmgr32.dll
0x00007ffd53150000 - 0x00007ffd53158000 	C:\WINDOWS\System32\PSAPI.DLL
0x00007ffd419e0000 - 0x00007ffd419e9000 	C:\WINDOWS\SYSTEM32\WSOCK32.dll
0x00007ffd55120000 - 0x00007ffd5518c000 	C:\WINDOWS\System32\WS2_32.dll
0x00007ffd51120000 - 0x00007ffd5112a000 	C:\WINDOWS\SYSTEM32\VERSION.dll
0x00007ffd4d0f0000 - 0x00007ffd4d0ff000 	H:\jdk_open8\zulu8.48.0.53-ca-jdk8.0.265-win_x64\jre\bin\verify.dll
0x00007ffd4a050000 - 0x00007ffd4a079000 	H:\jdk_open8\zulu8.48.0.53-ca-jdk8.0.265-win_x64\jre\bin\java.dll
0x00007ffd4a010000 - 0x00007ffd4a045000 	H:\jdk_open8\zulu8.48.0.53-ca-jdk8.0.265-win_x64\jre\bin\jdwp.dll
0x00007ffd4a000000 - 0x00007ffd4a008000 	H:\jdk_open8\zulu8.48.0.53-ca-jdk8.0.265-win_x64\jre\bin\npt.dll
0x00007ffd48880000 - 0x00007ffd488a3000 	H:\jdk_open8\zulu8.48.0.53-ca-jdk8.0.265-win_x64\jre\bin\instrument.dll
0x00007ffd4c8e0000 - 0x00007ffd4c8f6000 	H:\jdk_open8\zulu8.48.0.53-ca-jdk8.0.265-win_x64\jre\bin\zip.dll
0x00007ffd53ce0000 - 0x00007ffd55118000 	C:\WINDOWS\System32\SHELL32.dll
0x00007ffd53210000 - 0x00007ffd532b6000 	C:\WINDOWS\System32\shcore.dll
0x00007ffd51800000 - 0x00007ffd51f47000 	C:\WINDOWS\System32\windows.storage.dll
0x00007ffd53810000 - 0x00007ffd53861000 	C:\WINDOWS\System32\shlwapi.dll
0x00007ffd51690000 - 0x00007ffd516a1000 	C:\WINDOWS\System32\kernel.appcore.dll
0x00007ffd52570000 - 0x00007ffd525bc000 	C:\WINDOWS\System32\powrprof.dll
0x00007ffd516b0000 - 0x00007ffd516cb000 	C:\WINDOWS\System32\profapi.dll
0x00007ffd49ff0000 - 0x00007ffd49ff9000 	H:\jdk_open8\zulu8.48.0.53-ca-jdk8.0.265-win_x64\jre\bin\dt_socket.dll
0x00007ffd3fda0000 - 0x00007ffd3ff1b000 	C:\Program Files (x86)\Sangfor\SSL\ClientComponent\SangforTcpX64.dll
0x00007ffd528e0000 - 0x00007ffd52a29000 	C:\WINDOWS\System32\ole32.dll
0x00007ffd55190000 - 0x00007ffd55255000 	C:\WINDOWS\System32\OLEAUT32.dll
0x00007ffd52640000 - 0x00007ffd52698000 	C:\WINDOWS\System32\WINTRUST.dll
0x00007ffd51670000 - 0x00007ffd51682000 	C:\WINDOWS\System32\MSASN1.dll
0x00007ffd52030000 - 0x00007ffd521fe000 	C:\WINDOWS\System32\CRYPT32.dll
0x00007ffd50e40000 - 0x00007ffd50ea6000 	C:\WINDOWS\system32\mswsock.dll
0x00007ffd3d7a0000 - 0x00007ffd3d7ba000 	H:\jdk_open8\zulu8.48.0.53-ca-jdk8.0.265-win_x64\jre\bin\net.dll
0x0000000021ef0000 - 0x0000000022e46000 	C:\WINDOWS\system32\networkdlllspx64.dll
0x00007ffd506e0000 - 0x00007ffd50711000 	C:\WINDOWS\SYSTEM32\ntmarta.dll
0x00007ffd3ffe0000 - 0x00007ffd3ffea000 	C:\WINDOWS\system32\wshqos.dll
0x00007ffd3ffb0000 - 0x00007ffd3ffb8000 	C:\WINDOWS\SYSTEM32\wshtcpip.DLL
0x00007ffd3ff20000 - 0x00007ffd3ff28000 	C:\WINDOWS\SYSTEM32\wship6.dll
0x00007ffd51000000 - 0x00007ffd51017000 	C:\WINDOWS\SYSTEM32\CRYPTSP.dll
0x00007ffd50a40000 - 0x00007ffd50a73000 	C:\WINDOWS\system32\rsaenh.dll
0x00007ffd51130000 - 0x00007ffd51155000 	C:\WINDOWS\SYSTEM32\bcrypt.dll
0x00007ffd51570000 - 0x00007ffd51599000 	C:\WINDOWS\SYSTEM32\USERENV.dll
0x00007ffd51020000 - 0x00007ffd5102b000 	C:\WINDOWS\SYSTEM32\CRYPTBASE.dll
0x00007ffd50bd0000 - 0x00007ffd50c09000 	C:\WINDOWS\SYSTEM32\IPHLPAPI.DLL
0x00007ffd53b30000 - 0x00007ffd53b38000 	C:\WINDOWS\System32\NSI.dll
0x00007ffd4c970000 - 0x00007ffd4c986000 	C:\WINDOWS\SYSTEM32\dhcpcsvc6.DLL
0x00007ffd4bd30000 - 0x00007ffd4bd4a000 	C:\WINDOWS\SYSTEM32\dhcpcsvc.DLL
0x00007ffd3b360000 - 0x00007ffd3b371000 	H:\jdk_open8\zulu8.48.0.53-ca-jdk8.0.265-win_x64\jre\bin\nio.dll
0x00007ffd46dd0000 - 0x00007ffd46ddd000 	H:\jdk_open8\zulu8.48.0.53-ca-jdk8.0.265-win_x64\jre\bin\management.dll
0x00007ffd24b70000 - 0x00007ffd24b9f000 	C:\Program Files (x86)\Sangfor\SSL\ClientComponent\SangforNspX64.dll
0x00007ffd24b50000 - 0x00007ffd24b66000 	C:\WINDOWS\system32\napinsp.dll
0x00007ffd24b30000 - 0x00007ffd24b4a000 	C:\WINDOWS\system32\pnrpnsp.dll
0x00007ffd4e690000 - 0x00007ffd4e6a8000 	C:\WINDOWS\system32\NLAapi.dll
0x00007ffd24f60000 - 0x00007ffd24f6e000 	C:\WINDOWS\System32\winrnr.dll
0x00007ffd50c10000 - 0x00007ffd50cc6000 	C:\WINDOWS\SYSTEM32\DNSAPI.dll
0x00007ffd24f70000 - 0x00007ffd24f85000 	C:\WINDOWS\System32\wshbth.dll
0x00007ffd4ad60000 - 0x00007ffd4ad6a000 	C:\Windows\System32\rasadhlp.dll
0x00007ffd4a2c0000 - 0x00007ffd4a330000 	C:\WINDOWS\System32\fwpuclnt.dll
0x0000000180000000 - 0x000000018020f000 	D:\apache-tomcat-8.5.29\bin\tcnative-1.dll
0x00007ffd3a400000 - 0x00007ffd3a424000 	H:\jdk_open8\zulu8.48.0.53-ca-jdk8.0.265-win_x64\jre\bin\sunec.dll
0x00007ffd46dc0000 - 0x00007ffd46dcc000 	H:\jdk_open8\zulu8.48.0.53-ca-jdk8.0.265-win_x64\jre\bin\sunmscapi.dll
0x00007ffd510e0000 - 0x00007ffd51106000 	C:\WINDOWS\SYSTEM32\ncrypt.dll
0x00007ffd510a0000 - 0x00007ffd510d6000 	C:\WINDOWS\SYSTEM32\NTASN1.dll

VM Arguments:
jvm_args: -agentlib:jdwp=transport=dt_socket,address=127.0.0.1:55298,suspend=y,server=n -Dvisualvm.id=4230160245723654 -ea -Didea.test.cyclic.buffer.size=1048576 -javaagent:C:\Users\Machenike\.IntelliJIdea2018.1\system\groovyHotSwap\gragent.jar -javaagent:C:\Users\Machenike\AppData\Local\Temp\capture1jars\debugger-agent.jar=file:/C:/Users/Machenike/AppData/Local/Temp/capture1.props -Dfile.encoding=UTF-8 
java_command: org.testng.RemoteTestNGStarter -usedefaultlisteners false -socket55297 @w@C:\Users\Machenike\AppData\Local\Temp\idea_working_dirs_testng.tmp -temp C:\Users\Machenike\AppData\Local\Temp\idea_testng.tmp
java_class_path (initial): E:\IntelliJ IDEA 2018.1.6\lib\idea_rt.jar;E:\IntelliJ IDEA 2018.1.6\plugins\testng\lib\testng-plugin.jar;H:\jdk_open8\zulu8.48.0.53-ca-jdk8.0.265-win_x64\jre\lib\charsets.jar;H:\jdk_open8\zulu8.48.0.53-ca-jdk8.0.265-win_x64\jre\lib\ext\access-bridge-64.jar;H:\jdk_open8\zulu8.48.0.53-ca-jdk8.0.265-win_x64\jre\lib\ext\cldrdata.jar;H:\jdk_open8\zulu8.48.0.53-ca-jdk8.0.265-win_x64\jre\lib\ext\dnsns.jar;H:\jdk_open8\zulu8.48.0.53-ca-jdk8.0.265-win_x64\jre\lib\ext\jaccess.jar;H:\jdk_open8\zulu8.48.0.53-ca-jdk8.0.265-win_x64\jre\lib\ext\legacy8ujsse.jar;H:\jdk_open8\zulu8.48.0.53-ca-jdk8.0.265-win_x64\jre\lib\ext\localedata.jar;H:\jdk_open8\zulu8.48.0.53-ca-jdk8.0.265-win_x64\jre\lib\ext\nashorn.jar;H:\jdk_open8\zulu8.48.0.53-ca-jdk8.0.265-win_x64\jre\lib\ext\openjsse.jar;H:\jdk_open8\zulu8.48.0.53-ca-jdk8.0.265-win_x64\jre\lib\ext\sunec.jar;H:\jdk_open8\zulu8.48.0.53-ca-jdk8.0.265-win_x64\jre\lib\ext\sunjce_provider.jar;H:\jdk_open8\zulu8.48.0.53-ca-jdk8.0.265-win_x64\jre\lib\ext\sunmscapi.jar;H:\jdk_open8\zulu8.48.0.53-ca-jdk8.0.265-win_x64\jre\lib\ext\sunpkcs11.jar;H:\jdk_open8\zulu8.48.0.53-ca-jdk8.0.265-win_x64\jre\lib\ext\zipfs.jar;H:\jdk_open8\zulu8.48.0.53-ca-jdk8.0.265-win_x64\jre\lib\jce.jar;H:\jdk_open8\zulu8.48.0.53-ca-jdk8.0.265-win_x64\jre\lib\jfr.jar;H:\jdk_open8\zulu8.48.0.53-ca-jdk8.0.265-win_x64\jre\lib\jsse.jar;H:\jdk_open8\zulu8.48.0.53-ca-jdk8.0.265-win_x64\jre\lib\management-agent.jar;H:\jdk_open8\zulu8.48.0.53-ca-jdk8.0.265-win_x64\jre\lib\resources.jar;H:\jdk_open8\zulu8.48.0.53-ca-jdk8.0.265-win_x64\jre\lib\rt.jar;H:\后端OA\app\p_Inventory\out\test\classes;H:\后端OA\app\p_App\out\testFixtures\resources;H:\后端OA\app\p_App\out\production\classes;H:\后端OA\app\p_App\out\production\resources;H:\后端OA\app\p_Inventory\out\production\classes;H:\后端OA\app\p_Usermgr\out\production\classes;H:\后端OA\app\p_AppComm\out\production\classes;H:\后端OA\frame\f_frame\libs\dependencies\accessors-smart-1.2.jar;H:\后端OA\frame\f_frame\li
Launcher Type: SUN_STANDARD

Environment Variables:
JAVA_HOME=C:\jdk1.8.0_161
CLASSPATH=C:\jdk1.8.0_161\lib\dt.jar;C:\jdk1.8.0_161\lib\tools.jar
PATH=G:\;C:\ProgramData\Oracle\Java\javapath;C:\Windows\system32;C:\Windows;C:\Windows\System32\Wbem;C:\Windows\System32\WindowsPowerShell\v1.0\;C:\Program Files (x86)\NVIDIA Corporation\PhysX\Common;C:\Program Files\Intel\WiFi\bin\;C:\Program Files\Common Files\Intel\WirelessCommon\;C:\WINDOWS\system32;C:\WINDOWS;C:\WINDOWS\System32\Wbem;C:\WINDOWS\System32\WindowsPowerShell\v1.0\;C:\Program Files (x86)\Microsoft SQL Server\110\DTS\Binn\;C:\Program Files (x86)\Microsoft SQL Server\110\Tools\Binn\;C:\jdk1.8.0_161\bin;C:\jdk1.8.0_161\jre\bin;D:\apache-tomcat-8.5.29\bin;C:\Program Files (x86)\apache-maven-3.5.3\bin;F:\nodejs\;F:\android-sdk-windows\platform-tools;C:\Program Files\TortoiseSVN\bin;D:\git\Git\cmd;C:\Program Files\TortoiseGit\bin;C:\mongodb\Server\3.2\bin;E:\php5.6;E:\php5.6\ext;E:\bin;H:\spark\bin;C:\Program Files (x86)\scala\\bin;H:\hadoop-common-2.7.1-bin\bin;C:\Program Files\NVIDIA Corporation\NVIDIA NvDLISR;C:\Program Files\erl7.1\bin;H:\mysql-5.7.20-winx64\bin;C:\Users\Machenike\AppData\Roaming\npm;C:\Users\Machenike\AppData\Roaming\npm\node_modules\@vue\cli-init\node_modules\.bin;E:\Python35\Scripts\;E:\Python35\;C:\Users\Machenike\Anaconda3;C:\Users\Machenike\Anaconda3\Library\mingw-w64\bin;C:\Users\Machenike\Anaconda3\Library\usr\bin;C:\Users\Machenike\Anaconda3\Library\bin;C:\Users\Machenike\Anaconda3\Scripts;C:\Program Files\Intel\WiFi\bin\;C:\Program Files\Common Files\Intel\WirelessCommon\;C:\Users\Machenike\AppData\Local\Microsoft\WindowsApps;C:\Users\Machenike\AppData\Roaming\npm;D:\apache-tomcat-8.5.29\bin;F:\nodejs\node_global;C:\Users\Machenike\AppData\Local\atom\bin;H:\spark\bin;C:\Program Files\JetBrains\IntelliJ IDEA 2019.3.1\bin;;E:\WebStorm 2020.1.3\bin;;H:\Microsoft VS Code\bin;
USERNAME=Machenike
OS=Windows_NT
PROCESSOR_IDENTIFIER=Intel64 Family 6 Model 94 Stepping 3, GenuineIntel



---------------  S Y S T E M  ---------------

OS: Windows 10.0 , 64 bit Build 16299 (10.0.16299.431)

CPU:total 8 (initial active 8) (4 cores per cpu, 2 threads per core) family 6 model 94 stepping 3, cmov, cx8, fxsr, mmx, sse, sse2, sse3, ssse3, sse4.1, sse4.2, popcnt, avx, avx2, aes, clmul, erms, rtm, 3dnowpref, lzcnt, ht, tsc, tscinvbit, bmi1, bmi2, adx

Memory: 4k page, physical 16690832k(2845040k free), swap 16690832k(3052k free)

vm_info: OpenJDK 64-Bit Server VM (25.265-b11) for windows-amd64 JRE (Zulu 8.48.0.53-CA-win64) (1.8.0_265-b11), built on Jul 28 2020 03:18:21 by "tester" with MS VC++ 10.0 (VS2010)

time: Thu Dec 10 15:33:00 2020
timezone: 中国标准时间
elapsed time: 37 seconds (0d 0h 0m 37s)

